Scenario reference model filename=models/ReferenceModel.py
Scenario reference instance filename=scenariodata/ReferenceModel.dat
Scenario tree model filename=models/ScenarioStructure.py
Scenario tree instance filename=scenariodata/ScenarioStructure.dat
Scenario Tree Detail
----------------------------------------------------
Model=unknown
----------------------------------------------------
Tree Nodes:

	Name=AboveAverageNode
	Stage=SecondStage
	Parent=RootNode
	Conditional probability=0.3333
	Children:
		None
	Scenarios:
		AboveAverageScenario

	Name=AverageNode
	Stage=SecondStage
	Parent=RootNode
	Conditional probability=0.3333
	Children:
		None
	Scenarios:
		AverageScenario

	Name=BelowAverageNode
	Stage=SecondStage
	Parent=RootNode
	Conditional probability=0.3333
	Children:
		None
	Scenarios:
		BelowAverageScenario

	Name=RootNode
	Stage=FirstStage
	Parent=None
	Conditional probability=1.0000
	Children:
		AboveAverageNode
		BelowAverageNode
		AverageNode
	Scenarios:
		BelowAverageScenario
		AverageScenario
		AboveAverageScenario

----------------------------------------------------
Stages:
	Name=FirstStage
	Tree Nodes: 
		RootNode
	Variables: 
		DevotedAcreage : *
	Cost Variable: 
		FirstStageCost

	Name=SecondStage
	Tree Nodes: 
		AboveAverageNode
		BelowAverageNode
		AverageNode
	Variables: 
		QuantitySubQuotaSold : *
		QuantitySuperQuotaSold : *
		QuantityPurchased : *
	Cost Variable: 
		SecondStageCost

----------------------------------------------------
Scenarios:
	Name=AboveAverageScenario
	Probability=0.3333
	Leaf node=AboveAverageNode
	Tree node sequence:
		RootNode
		AboveAverageNode

	Name=AverageScenario
	Probability=0.3333
	Leaf node=AverageNode
	Tree node sequence:
		RootNode
		AverageNode

	Name=BelowAverageScenario
	Probability=0.3333
	Leaf node=BelowAverageNode
	Tree node sequence:
		RootNode
		BelowAverageNode

----------------------------------------------------

Scenario tree is valid!

PH solver configuration: 
   Max iterations=50
   Default global rho=1.0
   Sub-problem solver type='cplex'
   Solver manager type='serial'
   Keep solver files? False
   Output solver results? False
   Output solver log? False
   Output times? False
   Checkpoint interval=0
Initializing PH
   Scenario data directory=scenariodata
Scenario-based instance initialization enabled
Creating instance for scenario=BelowAverageScenario
Data for scenario=BelowAverageScenario loads from file=scenariodata/BelowAverageScenario.dat
Creating instance for scenario=AverageScenario
Data for scenario=AverageScenario loads from file=scenariodata/AverageScenario.dat
Creating instance for scenario=AboveAverageScenario
Data for scenario=AboveAverageScenario loads from file=scenariodata/AboveAverageScenario.dat
Creating weight, average, and rho parameter vectors for scenario instances
Creating variable statistic (min/avg/max) parameter vectors for scenario tree nodes
Total number of discrete instance variables=0
Total number of continuous instance variables=3
PH successfully created model instances for all scenarios
PH is successfully initialized
Starting PH
Initiating PH iteration=0
------------------------------------------------
Starting PH iteration 0 solves
Queuing solve for scenario=BelowAverageScenario
Queuing solve for scenario=AverageScenario
Queuing solve for scenario=AboveAverageScenario
Waiting for scenario sub-problem solves
Scenario sub-problem solves completed
Successfully processed results for scenario=AverageScenario
Successfully loaded solution for scenario=AverageScenario
Successfully processed results for scenario=BelowAverageScenario
Successfully loaded solution for scenario=BelowAverageScenario
Successfully processed results for scenario=AboveAverageScenario
Successfully loaded solution for scenario=AboveAverageScenario
Successfully completed PH iteration 0 solves - solution statistics:
         Scenario              Objective                  Value
BelowAverageScenario       Total_Cost_Objective        -59950.0000
     AverageScenario       Total_Cost_Objective       -118600.0000
AboveAverageScenario       Total_Cost_Objective       -167666.6667
------------------------------------------------
Variable values following scenario solves:
	Stage=FirstStage
		Variable= DevotedAcreage
			Index: [CORN]
				Tree Node= RootNode 		 (Scenarios:  BelowAverageScenario   AverageScenario   AboveAverageScenario   )
				Values:       25.0000      80.0000      66.6667     Max-Min=     55.0000     Avg=     57.2222 
			Index: [SUGAR_BEETS]
				Tree Node= RootNode 		 (Scenarios:  BelowAverageScenario   AverageScenario   AboveAverageScenario   )
				Values:      375.0000     300.0000     250.0000     Max-Min=    125.0000     Avg=    308.3333 
			Index: [WHEAT]
				Tree Node= RootNode 		 (Scenarios:  BelowAverageScenario   AverageScenario   AboveAverageScenario   )
				Values:      100.0000     120.0000     183.3333     Max-Min=     83.3333     Avg=    134.4444 
		Cost Variable=FirstStageCost
			Tree Node=RootNode		 (Scenarios:  BelowAverageScenario   AverageScenario   AboveAverageScenario   )
			Values:   118250.0000  114400.0000  107833.3333     Max-Min=  10416.6667     Avg= 113494.4444 
Number of discrete variables fixed=0 (total=0)
Number of continuous variables fixed=0 (total=3)
Convergence metric=     98.5185
Initiating PH iteration=1
Variable averages and weights prior to scenario solves:
	Stage=FirstStage
		Variable= DevotedAcreage
			Index: [CORN]
				Tree Node= RootNode 		 (Scenarios:  BelowAverageScenario   AverageScenario   AboveAverageScenario   )
				Weights:      -32.2222      22.7778       9.4444 
				Average:      57.2222
			Index: [SUGAR_BEETS]
				Tree Node= RootNode 		 (Scenarios:  BelowAverageScenario   AverageScenario   AboveAverageScenario   )
				Weights:       66.6667      -8.3333     -58.3333 
				Average:     308.3333
			Index: [WHEAT]
				Tree Node= RootNode 		 (Scenarios:  BelowAverageScenario   AverageScenario   AboveAverageScenario   )
				Weights:      -34.4444     -14.4444      48.8889 
				Average:     134.4444
		Cost Variable=FirstStageCost
			Tree Node=RootNode		 (Scenarios:  BelowAverageScenario   AverageScenario   AboveAverageScenario   )
			Values:   118250.0000  114400.0000  107833.3333     Max-Min=  10416.6667     Avg= 113494.4444 
------------------------------------------------
Starting PH iteration 1 solves
Queuing solve for scenario=BelowAverageScenario
Queuing solve for scenario=AverageScenario
Queuing solve for scenario=AboveAverageScenario
Waiting for scenario sub-problem solves
Scenario sub-problem solves completed
Successfully processed results for scenario=AverageScenario
Successfully loaded solution for scenario=AverageScenario
Successfully processed results for scenario=BelowAverageScenario
Successfully loaded solution for scenario=BelowAverageScenario
Successfully processed results for scenario=AboveAverageScenario
Successfully loaded solution for scenario=AboveAverageScenario
Successfully completed PH iteration 1 solves - solution statistics:
  Scenario             PH Objective             Cost Objective
BelowAverageScenario              -40175.8025             0.0000
     AverageScenario             -118196.9136             0.0000
AboveAverageScenario             -161317.2840             0.0000
Variable values following scenario solves:
	Stage=FirstStage
		Variable= DevotedAcreage
			Index: [CORN]
				Tree Node= RootNode 		 (Scenarios:  BelowAverageScenario   AverageScenario   AboveAverageScenario   )
				Values:       57.2222      65.5556     115.5556     Max-Min=     58.3333     Avg=     79.4444 
			Index: [SUGAR_BEETS]
				Tree Node= RootNode 		 (Scenarios:  BelowAverageScenario   AverageScenario   AboveAverageScenario   )
				Values:      308.3333     300.0000     250.0000     Max-Min=     58.3333     Avg=    286.1111 
			Index: [WHEAT]
				Tree Node= RootNode 		 (Scenarios:  BelowAverageScenario   AverageScenario   AboveAverageScenario   )
				Values:      134.4444     134.4444     134.4444     Max-Min=      0.0000     Avg=    134.4444 
		Cost Variable=FirstStageCost
			Tree Node=RootNode		 (Scenarios:  BelowAverageScenario   AverageScenario   AboveAverageScenario   )
			Values:   113494.4445  113244.4445  111744.4445     Max-Min=   1750.0000     Avg= 112827.7778 
Number of discrete variables fixed=0 (total=0)
Number of continuous variables fixed=0 (total=3)
Convergence metric=     48.1481
Initiating PH iteration=2
Variable averages and weights prior to scenario solves:
	Stage=FirstStage
		Variable= DevotedAcreage
			Index: [CORN]
				Tree Node= RootNode 		 (Scenarios:  BelowAverageScenario   AverageScenario   AboveAverageScenario   )
				Weights:      -54.4444       8.8889      45.5556 
				Average:      79.4444
			Index: [SUGAR_BEETS]
				Tree Node= RootNode 		 (Scenarios:  BelowAverageScenario   AverageScenario   AboveAverageScenario   )
				Weights:       88.8889       5.5556     -94.4444 
				Average:     286.1111
			Index: [WHEAT]
				Tree Node= RootNode 		 (Scenarios:  BelowAverageScenario   AverageScenario   AboveAverageScenario   )
				Weights:      -34.4444     -14.4444      48.8889 
				Average:     134.4444
		Cost Variable=FirstStageCost
			Tree Node=RootNode		 (Scenarios:  BelowAverageScenario   AverageScenario   AboveAverageScenario   )
			Values:   113494.4445  113244.4445  111744.4445     Max-Min=   1750.0000     Avg= 112827.7778 
------------------------------------------------
Starting PH iteration 2 solves
Queuing solve for scenario=BelowAverageScenario
Queuing solve for scenario=AverageScenario
Queuing solve for scenario=AboveAverageScenario
Waiting for scenario sub-problem solves
Scenario sub-problem solves completed
Successfully processed results for scenario=AverageScenario
Successfully loaded solution for scenario=AverageScenario
Successfully processed results for scenario=BelowAverageScenario
Successfully loaded solution for scenario=BelowAverageScenario
Successfully processed results for scenario=AboveAverageScenario
Successfully loaded solution for scenario=AboveAverageScenario
Successfully completed PH iteration 2 solves - solution statistics:
  Scenario             PH Objective             Cost Objective
BelowAverageScenario              -36847.4074             0.0000
     AverageScenario             -115740.5093             0.0000
AboveAverageScenario             -172301.8518             0.0000
Variable values following scenario solves:
	Stage=FirstStage
		Variable= DevotedAcreage
			Index: [CORN]
				Tree Node= RootNode 		 (Scenarios:  BelowAverageScenario   AverageScenario   AboveAverageScenario   )
				Values:       79.4444      79.4444      79.4444     Max-Min=      0.0000     Avg=     79.4444 
			Index: [SUGAR_BEETS]
				Tree Node= RootNode 		 (Scenarios:  BelowAverageScenario   AverageScenario   AboveAverageScenario   )
				Values:      286.1111     300.0000     250.0000     Max-Min=     50.0000     Avg=    278.7037 
			Index: [WHEAT]
				Tree Node= RootNode 		 (Scenarios:  BelowAverageScenario   AverageScenario   AboveAverageScenario   )
				Values:      134.4444     120.5556     170.5556     Max-Min=     50.0000     Avg=    141.8519 
		Cost Variable=FirstStageCost
			Tree Node=RootNode		 (Scenarios:  BelowAverageScenario   AverageScenario   AboveAverageScenario   )
			Values:   112827.7778  114355.5556  108855.5556     Max-Min=   5500.0000     Avg= 112012.9630 
Number of discrete variables fixed=0 (total=0)
Number of continuous variables fixed=0 (total=3)
Convergence metric=     38.2716
Initiating PH iteration=3
Variable averages and weights prior to scenario solves:
	Stage=FirstStage
		Variable= DevotedAcreage
			Index: [CORN]
				Tree Node= RootNode 		 (Scenarios:  BelowAverageScenario   AverageScenario   AboveAverageScenario   )
				Weights:      -54.4444       8.8889      45.5556 
				Average:      79.4444
			Index: [SUGAR_BEETS]
				Tree Node= RootNode 		 (Scenarios:  BelowAverageScenario   AverageScenario   AboveAverageScenario   )
				Weights:       96.2963      26.8519    -123.1481 
				Average:     278.7037
			Index: [WHEAT]
				Tree Node= RootNode 		 (Scenarios:  BelowAverageScenario   AverageScenario   AboveAverageScenario   )
				Weights:      -41.8519     -35.7407      77.5926 
				Average:     141.8519
		Cost Variable=FirstStageCost
			Tree Node=RootNode		 (Scenarios:  BelowAverageScenario   AverageScenario   AboveAverageScenario   )
			Values:   112827.7778  114355.5556  108855.5556     Max-Min=   5500.0000     Avg= 112012.9630 
------------------------------------------------
Starting PH iteration 3 solves
Queuing solve for scenario=BelowAverageScenario
Queuing solve for scenario=AverageScenario
Queuing solve for scenario=AboveAverageScenario
Waiting for scenario sub-problem solves
Scenario sub-problem solves completed
Successfully processed results for scenario=AverageScenario
Successfully loaded solution for scenario=AverageScenario
Successfully processed results for scenario=BelowAverageScenario
Successfully loaded solution for scenario=BelowAverageScenario
Successfully processed results for scenario=AboveAverageScenario
Successfully loaded solution for scenario=AboveAverageScenario
Successfully completed PH iteration 3 solves - solution statistics:
  Scenario             PH Objective             Cost Objective
BelowAverageScenario              -35933.2734             0.0000
     AverageScenario             -111470.7477             0.0000
AboveAverageScenario             -175876.2260             0.0000
Variable values following scenario solves:
	Stage=FirstStage
		Variable= DevotedAcreage
			Index: [CORN]
				Tree Node= RootNode 		 (Scenarios:  BelowAverageScenario   AverageScenario   AboveAverageScenario   )
				Values:      100.0000      79.4444     108.1481     Max-Min=     28.7037     Avg=     95.8642 
			Index: [SUGAR_BEETS]
				Tree Node= RootNode 		 (Scenarios:  BelowAverageScenario   AverageScenario   AboveAverageScenario   )
				Values:      278.7037     278.7037     250.0000     Max-Min=     28.7037     Avg=    269.1358 
			Index: [WHEAT]
				Tree Node= RootNode 		 (Scenarios:  BelowAverageScenario   AverageScenario   AboveAverageScenario   )
				Values:      121.2963     141.8519     141.8519     Max-Min=     20.5556     Avg=    135.0000 
		Cost Variable=FirstStageCost
			Tree Node=RootNode		 (Scenarios:  BelowAverageScenario   AverageScenario   AboveAverageScenario   )
			Values:   113657.4074  112012.9630  111151.8519     Max-Min=   2505.5556     Avg= 112274.0741 
Number of discrete variables fixed=0 (total=0)
Number of continuous variables fixed=0 (total=3)
Convergence metric=     32.8395
Initiating PH iteration=4
Variable averages and weights prior to scenario solves:
	Stage=FirstStage
		Variable= DevotedAcreage
			Index: [CORN]
				Tree Node= RootNode 		 (Scenarios:  BelowAverageScenario   AverageScenario   AboveAverageScenario   )
				Weights:      -50.3086      -7.5309      57.8395 
				Average:      95.8642
			Index: [SUGAR_BEETS]
				Tree Node= RootNode 		 (Scenarios:  BelowAverageScenario   AverageScenario   AboveAverageScenario   )
				Weights:      105.8642      36.4198    -142.2840 
				Average:     269.1358
			Index: [WHEAT]
				Tree Node= RootNode 		 (Scenarios:  BelowAverageScenario   AverageScenario   AboveAverageScenario   )
				Weights:      -55.5556     -28.8889      84.4444 
				Average:     135.0000
		Cost Variable=FirstStageCost
			Tree Node=RootNode		 (Scenarios:  BelowAverageScenario   AverageScenario   AboveAverageScenario   )
			Values:   113657.4074  112012.9630  111151.8519     Max-Min=   2505.5556     Avg= 112274.0741 
------------------------------------------------
Starting PH iteration 4 solves
Queuing solve for scenario=BelowAverageScenario
Queuing solve for scenario=AverageScenario
Queuing solve for scenario=AboveAverageScenario
Waiting for scenario sub-problem solves
Scenario sub-problem solves completed
Successfully processed results for scenario=AverageScenario
Successfully loaded solution for scenario=AverageScenario
Successfully processed results for scenario=BelowAverageScenario
Successfully loaded solution for scenario=BelowAverageScenario
Successfully processed results for scenario=AboveAverageScenario
Successfully loaded solution for scenario=AboveAverageScenario
Successfully completed PH iteration 4 solves - solution statistics:
  Scenario             PH Objective             Cost Objective
BelowAverageScenario              -36394.6556             0.0000
     AverageScenario             -108006.1891             0.0000
AboveAverageScenario             -180284.1526             0.0000
Variable values following scenario solves:
	Stage=FirstStage
		Variable= DevotedAcreage
			Index: [CORN]
				Tree Node= RootNode 		 (Scenarios:  BelowAverageScenario   AverageScenario   AboveAverageScenario   )
				Values:       95.8642      80.0000      95.8642     Max-Min=     15.8642     Avg=     90.5761 
			Index: [SUGAR_BEETS]
				Tree Node= RootNode 		 (Scenarios:  BelowAverageScenario   AverageScenario   AboveAverageScenario   )
				Values:      269.1358     285.0000     269.1358     Max-Min=     15.8642     Avg=    274.4239 
			Index: [WHEAT]
				Tree Node= RootNode 		 (Scenarios:  BelowAverageScenario   AverageScenario   AboveAverageScenario   )
				Values:      135.0000     135.0000     135.0000     Max-Min=      0.0000     Avg=    135.0000 
		Cost Variable=FirstStageCost
			Tree Node=RootNode		 (Scenarios:  BelowAverageScenario   AverageScenario   AboveAverageScenario   )
			Values:   112274.0741  112750.0000  112274.0741     Max-Min=    475.9259     Avg= 112432.7161 
Number of discrete variables fixed=0 (total=0)
Number of continuous variables fixed=0 (total=3)
Convergence metric=     14.1015
Initiating PH iteration=5
Variable averages and weights prior to scenario solves:
	Stage=FirstStage
		Variable= DevotedAcreage
			Index: [CORN]
				Tree Node= RootNode 		 (Scenarios:  BelowAverageScenario   AverageScenario   AboveAverageScenario   )
				Weights:      -45.0206     -18.1070      63.1276 
				Average:      90.5761
			Index: [SUGAR_BEETS]
				Tree Node= RootNode 		 (Scenarios:  BelowAverageScenario   AverageScenario   AboveAverageScenario   )
				Weights:      100.5761      46.9959    -147.5720 
				Average:     274.4239
			Index: [WHEAT]
				Tree Node= RootNode 		 (Scenarios:  BelowAverageScenario   AverageScenario   AboveAverageScenario   )
				Weights:      -55.5556     -28.8889      84.4444 
				Average:     135.0000
		Cost Variable=FirstStageCost
			Tree Node=RootNode		 (Scenarios:  BelowAverageScenario   AverageScenario   AboveAverageScenario   )
			Values:   112274.0741  112750.0000  112274.0741     Max-Min=    475.9259     Avg= 112432.7161 
------------------------------------------------
Starting PH iteration 5 solves
Queuing solve for scenario=BelowAverageScenario
Queuing solve for scenario=AverageScenario
Queuing solve for scenario=AboveAverageScenario
Waiting for scenario sub-problem solves
Scenario sub-problem solves completed
Successfully processed results for scenario=AverageScenario
Successfully loaded solution for scenario=AverageScenario
Successfully processed results for scenario=BelowAverageScenario
Successfully loaded solution for scenario=BelowAverageScenario
Successfully processed results for scenario=AboveAverageScenario
Successfully loaded solution for scenario=AboveAverageScenario
Successfully completed PH iteration 5 solves - solution statistics:
  Scenario             PH Objective             Cost Objective
BelowAverageScenario              -36763.1010             0.0000
     AverageScenario             -106491.2834             0.0000
AboveAverageScenario             -180569.5558             0.0000
Variable values following scenario solves:
	Stage=FirstStage
		Variable= DevotedAcreage
			Index: [CORN]
				Tree Node= RootNode 		 (Scenarios:  BelowAverageScenario   AverageScenario   AboveAverageScenario   )
				Values:       90.5761      80.0000      90.5761     Max-Min=     10.5761     Avg=     87.0508 
			Index: [SUGAR_BEETS]
				Tree Node= RootNode 		 (Scenarios:  BelowAverageScenario   AverageScenario   AboveAverageScenario   )
				Values:      274.4239     285.0000     274.4239     Max-Min=     10.5761     Avg=    277.9492 
			Index: [WHEAT]
				Tree Node= RootNode 		 (Scenarios:  BelowAverageScenario   AverageScenario   AboveAverageScenario   )
				Values:      135.0000     135.0000     135.0000     Max-Min=      0.0000     Avg=    135.0000 
		Cost Variable=FirstStageCost
			Tree Node=RootNode		 (Scenarios:  BelowAverageScenario   AverageScenario   AboveAverageScenario   )
			Values:   112432.7161  112750.0000  112432.7161     Max-Min=    317.2839     Avg= 112538.4774 
Number of discrete variables fixed=0 (total=0)
Number of continuous variables fixed=0 (total=3)
Convergence metric=      9.4010
Initiating PH iteration=6
Variable averages and weights prior to scenario solves:
	Stage=FirstStage
		Variable= DevotedAcreage
			Index: [CORN]
				Tree Node= RootNode 		 (Scenarios:  BelowAverageScenario   AverageScenario   AboveAverageScenario   )
				Weights:      -41.4952     -25.1578      66.6529 
				Average:      87.0508
			Index: [SUGAR_BEETS]
				Tree Node= RootNode 		 (Scenarios:  BelowAverageScenario   AverageScenario   AboveAverageScenario   )
				Weights:       97.0508      54.0466    -151.0974 
				Average:     277.9492
			Index: [WHEAT]
				Tree Node= RootNode 		 (Scenarios:  BelowAverageScenario   AverageScenario   AboveAverageScenario   )
				Weights:      -55.5556     -28.8889      84.4444 
				Average:     135.0000
		Cost Variable=FirstStageCost
			Tree Node=RootNode		 (Scenarios:  BelowAverageScenario   AverageScenario   AboveAverageScenario   )
			Values:   112432.7161  112750.0000  112432.7161     Max-Min=    317.2839     Avg= 112538.4774 
------------------------------------------------
Starting PH iteration 6 solves
Queuing solve for scenario=BelowAverageScenario
Queuing solve for scenario=AverageScenario
Queuing solve for scenario=AboveAverageScenario
Waiting for scenario sub-problem solves
Scenario sub-problem solves completed
Successfully processed results for scenario=AverageScenario
Successfully loaded solution for scenario=AverageScenario
Successfully processed results for scenario=BelowAverageScenario
Successfully loaded solution for scenario=BelowAverageScenario
Successfully processed results for scenario=AboveAverageScenario
Successfully loaded solution for scenario=AboveAverageScenario
Successfully completed PH iteration 6 solves - solution statistics:
  Scenario             PH Objective             Cost Objective
BelowAverageScenario              -37070.8727             0.0000
     AverageScenario             -105500.2184             0.0000
AboveAverageScenario             -180821.9661             0.0000
Variable values following scenario solves:
	Stage=FirstStage
		Variable= DevotedAcreage
			Index: [CORN]
				Tree Node= RootNode 		 (Scenarios:  BelowAverageScenario   AverageScenario   AboveAverageScenario   )
				Values:       87.0508      80.0000      87.0508     Max-Min=      7.0508     Avg=     84.7005 
			Index: [SUGAR_BEETS]
				Tree Node= RootNode 		 (Scenarios:  BelowAverageScenario   AverageScenario   AboveAverageScenario   )
				Values:      277.9492     285.0000     277.9492     Max-Min=      7.0508     Avg=    280.2995 
			Index: [WHEAT]
				Tree Node= RootNode 		 (Scenarios:  BelowAverageScenario   AverageScenario   AboveAverageScenario   )
				Values:      135.0000     135.0000     135.0000     Max-Min=      0.0000     Avg=    135.0000 
		Cost Variable=FirstStageCost
			Tree Node=RootNode		 (Scenarios:  BelowAverageScenario   AverageScenario   AboveAverageScenario   )
			Values:   112538.4774  112750.0000  112538.4774     Max-Min=    211.5226     Avg= 112608.9849 
Number of discrete variables fixed=0 (total=0)
Number of continuous variables fixed=0 (total=3)
Convergence metric=      6.2673
Initiating PH iteration=7
Variable averages and weights prior to scenario solves:
	Stage=FirstStage
		Variable= DevotedAcreage
			Index: [CORN]
				Tree Node= RootNode 		 (Scenarios:  BelowAverageScenario   AverageScenario   AboveAverageScenario   )
				Weights:      -39.1449     -29.8583      69.0032 
				Average:      84.7005
			Index: [SUGAR_BEETS]
				Tree Node= RootNode 		 (Scenarios:  BelowAverageScenario   AverageScenario   AboveAverageScenario   )
				Weights:       94.7005      58.7471    -153.4476 
				Average:     280.2995
			Index: [WHEAT]
				Tree Node= RootNode 		 (Scenarios:  BelowAverageScenario   AverageScenario   AboveAverageScenario   )
				Weights:      -55.5556     -28.8889      84.4444 
				Average:     135.0000
		Cost Variable=FirstStageCost
			Tree Node=RootNode		 (Scenarios:  BelowAverageScenario   AverageScenario   AboveAverageScenario   )
			Values:   112538.4774  112750.0000  112538.4774     Max-Min=    211.5226     Avg= 112608.9849 
------------------------------------------------
Starting PH iteration 7 solves
Queuing solve for scenario=BelowAverageScenario
Queuing solve for scenario=AverageScenario
Queuing solve for scenario=AboveAverageScenario
Waiting for scenario sub-problem solves
Scenario sub-problem solves completed
Successfully processed results for scenario=AverageScenario
Successfully loaded solution for scenario=AverageScenario
Successfully processed results for scenario=BelowAverageScenario
Successfully loaded solution for scenario=BelowAverageScenario
Successfully processed results for scenario=AboveAverageScenario
Successfully loaded solution for scenario=AboveAverageScenario
Successfully completed PH iteration 7 solves - solution statistics:
  Scenario             PH Objective             Cost Objective
BelowAverageScenario              -37303.6723             0.0000
     AverageScenario             -104825.6992             0.0000
AboveAverageScenario             -181017.8580             0.0000
Variable values following scenario solves:
	Stage=FirstStage
		Variable= DevotedAcreage
			Index: [CORN]
				Tree Node= RootNode 		 (Scenarios:  BelowAverageScenario   AverageScenario   AboveAverageScenario   )
				Values:       84.7005      80.0000      84.7005     Max-Min=      4.7005     Avg=     83.1337 
			Index: [SUGAR_BEETS]
				Tree Node= RootNode 		 (Scenarios:  BelowAverageScenario   AverageScenario   AboveAverageScenario   )
				Values:      280.2995     285.0000     280.2995     Max-Min=      4.7005     Avg=    281.8663 
			Index: [WHEAT]
				Tree Node= RootNode 		 (Scenarios:  BelowAverageScenario   AverageScenario   AboveAverageScenario   )
				Values:      135.0000     135.0000     135.0000     Max-Min=      0.0000     Avg=    135.0000 
		Cost Variable=FirstStageCost
			Tree Node=RootNode		 (Scenarios:  BelowAverageScenario   AverageScenario   AboveAverageScenario   )
			Values:   112608.9849  112750.0000  112608.9849     Max-Min=    141.0151     Avg= 112655.9900 
Number of discrete variables fixed=0 (total=0)
Number of continuous variables fixed=0 (total=3)
Convergence metric=      4.1782
Initiating PH iteration=8
Variable averages and weights prior to scenario solves:
	Stage=FirstStage
		Variable= DevotedAcreage
			Index: [CORN]
				Tree Node= RootNode 		 (Scenarios:  BelowAverageScenario   AverageScenario   AboveAverageScenario   )
				Weights:      -37.5781     -32.9919      70.5700 
				Average:      83.1337
			Index: [SUGAR_BEETS]
				Tree Node= RootNode 		 (Scenarios:  BelowAverageScenario   AverageScenario   AboveAverageScenario   )
				Weights:       93.1337      61.8808    -155.0145 
				Average:     281.8663
			Index: [WHEAT]
				Tree Node= RootNode 		 (Scenarios:  BelowAverageScenario   AverageScenario   AboveAverageScenario   )
				Weights:      -55.5556     -28.8889      84.4444 
				Average:     135.0000
		Cost Variable=FirstStageCost
			Tree Node=RootNode		 (Scenarios:  BelowAverageScenario   AverageScenario   AboveAverageScenario   )
			Values:   112608.9849  112750.0000  112608.9849     Max-Min=    141.0151     Avg= 112655.9900 
------------------------------------------------
Starting PH iteration 8 solves
Queuing solve for scenario=BelowAverageScenario
Queuing solve for scenario=AverageScenario
Queuing solve for scenario=AboveAverageScenario
Waiting for scenario sub-problem solves
Scenario sub-problem solves completed
Successfully processed results for scenario=AverageScenario
Successfully loaded solution for scenario=AverageScenario
Successfully processed results for scenario=BelowAverageScenario
Successfully loaded solution for scenario=BelowAverageScenario
Successfully processed results for scenario=AboveAverageScenario
Successfully loaded solution for scenario=AboveAverageScenario
Successfully completed PH iteration 8 solves - solution statistics:
  Scenario             PH Objective             Cost Objective
BelowAverageScenario              -37471.1469             0.0000
     AverageScenario             -104369.8823             0.0000
AboveAverageScenario             -181160.7274             0.0000
Variable values following scenario solves:
	Stage=FirstStage
		Variable= DevotedAcreage
			Index: [CORN]
				Tree Node= RootNode 		 (Scenarios:  BelowAverageScenario   AverageScenario   AboveAverageScenario   )
				Values:       83.1337      80.0000      83.1337     Max-Min=      3.1337     Avg=     82.0891 
			Index: [SUGAR_BEETS]
				Tree Node= RootNode 		 (Scenarios:  BelowAverageScenario   AverageScenario   AboveAverageScenario   )
				Values:      281.8663     285.0000     281.8663     Max-Min=      3.1337     Avg=    282.9109 
			Index: [WHEAT]
				Tree Node= RootNode 		 (Scenarios:  BelowAverageScenario   AverageScenario   AboveAverageScenario   )
				Values:      135.0000     135.0000     135.0000     Max-Min=      0.0000     Avg=    135.0000 
		Cost Variable=FirstStageCost
			Tree Node=RootNode		 (Scenarios:  BelowAverageScenario   AverageScenario   AboveAverageScenario   )
			Values:   112655.9900  112750.0000  112655.9900     Max-Min=     94.0101     Avg= 112687.3267 
Number of discrete variables fixed=0 (total=0)
Number of continuous variables fixed=0 (total=3)
Convergence metric=      2.7855
Initiating PH iteration=9
Variable averages and weights prior to scenario solves:
	Stage=FirstStage
		Variable= DevotedAcreage
			Index: [CORN]
				Tree Node= RootNode 		 (Scenarios:  BelowAverageScenario   AverageScenario   AboveAverageScenario   )
				Weights:      -36.5336     -35.0810      71.6146 
				Average:      82.0891
			Index: [SUGAR_BEETS]
				Tree Node= RootNode 		 (Scenarios:  BelowAverageScenario   AverageScenario   AboveAverageScenario   )
				Weights:       92.0891      63.9699    -156.0590 
				Average:     282.9109
			Index: [WHEAT]
				Tree Node= RootNode 		 (Scenarios:  BelowAverageScenario   AverageScenario   AboveAverageScenario   )
				Weights:      -55.5556     -28.8889      84.4444 
				Average:     135.0000
		Cost Variable=FirstStageCost
			Tree Node=RootNode		 (Scenarios:  BelowAverageScenario   AverageScenario   AboveAverageScenario   )
			Values:   112655.9900  112750.0000  112655.9900     Max-Min=     94.0101     Avg= 112687.3267 
------------------------------------------------
Starting PH iteration 9 solves
Queuing solve for scenario=BelowAverageScenario
Queuing solve for scenario=AverageScenario
Queuing solve for scenario=AboveAverageScenario
Waiting for scenario sub-problem solves
Scenario sub-problem solves completed
Successfully processed results for scenario=AverageScenario
Successfully loaded solution for scenario=AverageScenario
Successfully processed results for scenario=BelowAverageScenario
Successfully loaded solution for scenario=BelowAverageScenario
Successfully processed results for scenario=AboveAverageScenario
Successfully loaded solution for scenario=AboveAverageScenario
Successfully completed PH iteration 9 solves - solution statistics:
  Scenario             PH Objective             Cost Objective
BelowAverageScenario              -37588.2520             0.0000
     AverageScenario             -104063.2767             0.0000
AboveAverageScenario             -181261.4292             0.0000
Variable values following scenario solves:
	Stage=FirstStage
		Variable= DevotedAcreage
			Index: [CORN]
				Tree Node= RootNode 		 (Scenarios:  BelowAverageScenario   AverageScenario   AboveAverageScenario   )
				Values:       82.0891      80.0000      82.0891     Max-Min=      2.0891     Avg=     81.3927 
			Index: [SUGAR_BEETS]
				Tree Node= RootNode 		 (Scenarios:  BelowAverageScenario   AverageScenario   AboveAverageScenario   )
				Values:      282.9109     285.0000     282.9109     Max-Min=      2.0891     Avg=    283.6073 
			Index: [WHEAT]
				Tree Node= RootNode 		 (Scenarios:  BelowAverageScenario   AverageScenario   AboveAverageScenario   )
				Values:      135.0000     135.0000     135.0000     Max-Min=      0.0000     Avg=    135.0000 
		Cost Variable=FirstStageCost
			Tree Node=RootNode		 (Scenarios:  BelowAverageScenario   AverageScenario   AboveAverageScenario   )
			Values:   112687.3267  112750.0000  112687.3267     Max-Min=     62.6734     Avg= 112708.2178 
Number of discrete variables fixed=0 (total=0)
Number of continuous variables fixed=0 (total=3)
Convergence metric=      1.8570
Initiating PH iteration=10
Variable averages and weights prior to scenario solves:
	Stage=FirstStage
		Variable= DevotedAcreage
			Index: [CORN]
				Tree Node= RootNode 		 (Scenarios:  BelowAverageScenario   AverageScenario   AboveAverageScenario   )
				Weights:      -35.8372     -36.4738      72.3110 
				Average:      81.3927
			Index: [SUGAR_BEETS]
				Tree Node= RootNode 		 (Scenarios:  BelowAverageScenario   AverageScenario   AboveAverageScenario   )
				Weights:       91.3927      65.3627    -156.7554 
				Average:     283.6073
			Index: [WHEAT]
				Tree Node= RootNode 		 (Scenarios:  BelowAverageScenario   AverageScenario   AboveAverageScenario   )
				Weights:      -55.5556     -28.8889      84.4444 
				Average:     135.0000
		Cost Variable=FirstStageCost
			Tree Node=RootNode		 (Scenarios:  BelowAverageScenario   AverageScenario   AboveAverageScenario   )
			Values:   112687.3267  112750.0000  112687.3267     Max-Min=     62.6734     Avg= 112708.2178 
------------------------------------------------
Starting PH iteration 10 solves
Queuing solve for scenario=BelowAverageScenario
Queuing solve for scenario=AverageScenario
Queuing solve for scenario=AboveAverageScenario
Waiting for scenario sub-problem solves
Scenario sub-problem solves completed
Successfully processed results for scenario=AverageScenario
Successfully loaded solution for scenario=AverageScenario
Successfully processed results for scenario=BelowAverageScenario
Successfully loaded solution for scenario=BelowAverageScenario
Successfully processed results for scenario=AboveAverageScenario
Successfully loaded solution for scenario=AboveAverageScenario
Successfully completed PH iteration 10 solves - solution statistics:
  Scenario             PH Objective             Cost Objective
BelowAverageScenario              -37668.7468             0.0000
     AverageScenario             -103857.6606             0.0000
AboveAverageScenario             -181330.9884             0.0000
Variable values following scenario solves:
	Stage=FirstStage
		Variable= DevotedAcreage
			Index: [CORN]
				Tree Node= RootNode 		 (Scenarios:  BelowAverageScenario   AverageScenario   AboveAverageScenario   )
				Values:       81.3927      80.0000      81.3927     Max-Min=      1.3927     Avg=     80.9285 
			Index: [SUGAR_BEETS]
				Tree Node= RootNode 		 (Scenarios:  BelowAverageScenario   AverageScenario   AboveAverageScenario   )
				Values:      283.6073     285.0000     283.6073     Max-Min=      1.3927     Avg=    284.0715 
			Index: [WHEAT]
				Tree Node= RootNode 		 (Scenarios:  BelowAverageScenario   AverageScenario   AboveAverageScenario   )
				Values:      135.0000     135.0000     135.0000     Max-Min=      0.0000     Avg=    135.0000 
		Cost Variable=FirstStageCost
			Tree Node=RootNode		 (Scenarios:  BelowAverageScenario   AverageScenario   AboveAverageScenario   )
			Values:   112708.2178  112750.0000  112708.2178     Max-Min=     41.7822     Avg= 112722.1452 
Number of discrete variables fixed=0 (total=0)
Number of continuous variables fixed=0 (total=3)
Convergence metric=      1.2380
Initiating PH iteration=11
Variable averages and weights prior to scenario solves:
	Stage=FirstStage
		Variable= DevotedAcreage
			Index: [CORN]
				Tree Node= RootNode 		 (Scenarios:  BelowAverageScenario   AverageScenario   AboveAverageScenario   )
				Weights:      -35.3729     -37.4023      72.7752 
				Average:      80.9285
			Index: [SUGAR_BEETS]
				Tree Node= RootNode 		 (Scenarios:  BelowAverageScenario   AverageScenario   AboveAverageScenario   )
				Weights:       90.9285      66.2912    -157.2197 
				Average:     284.0715
			Index: [WHEAT]
				Tree Node= RootNode 		 (Scenarios:  BelowAverageScenario   AverageScenario   AboveAverageScenario   )
				Weights:      -55.5556     -28.8889      84.4444 
				Average:     135.0000
		Cost Variable=FirstStageCost
			Tree Node=RootNode		 (Scenarios:  BelowAverageScenario   AverageScenario   AboveAverageScenario   )
			Values:   112708.2178  112750.0000  112708.2178     Max-Min=     41.7822     Avg= 112722.1452 
------------------------------------------------
Starting PH iteration 11 solves
Queuing solve for scenario=BelowAverageScenario
Queuing solve for scenario=AverageScenario
Queuing solve for scenario=AboveAverageScenario
Waiting for scenario sub-problem solves
Scenario sub-problem solves completed
Successfully processed results for scenario=AverageScenario
Successfully loaded solution for scenario=AverageScenario
Successfully processed results for scenario=BelowAverageScenario
Successfully loaded solution for scenario=BelowAverageScenario
Successfully processed results for scenario=AboveAverageScenario
Successfully loaded solution for scenario=AboveAverageScenario
Successfully completed PH iteration 11 solves - solution statistics:
  Scenario             PH Objective             Cost Objective
BelowAverageScenario              -37723.4876             0.0000
     AverageScenario             -103720.0444             0.0000
AboveAverageScenario             -181378.4388             0.0000
Variable values following scenario solves:
	Stage=FirstStage
		Variable= DevotedAcreage
			Index: [CORN]
				Tree Node= RootNode 		 (Scenarios:  BelowAverageScenario   AverageScenario   AboveAverageScenario   )
				Values:       80.9285      80.0000      80.9285     Max-Min=      0.9285     Avg=     80.6190 
			Index: [SUGAR_BEETS]
				Tree Node= RootNode 		 (Scenarios:  BelowAverageScenario   AverageScenario   AboveAverageScenario   )
				Values:      284.0715     285.0000     284.0715     Max-Min=      0.9285     Avg=    284.3810 
			Index: [WHEAT]
				Tree Node= RootNode 		 (Scenarios:  BelowAverageScenario   AverageScenario   AboveAverageScenario   )
				Values:      135.0000     135.0000     135.0000     Max-Min=      0.0000     Avg=    135.0000 
		Cost Variable=FirstStageCost
			Tree Node=RootNode		 (Scenarios:  BelowAverageScenario   AverageScenario   AboveAverageScenario   )
			Values:   112722.1452  112750.0000  112722.1452     Max-Min=     27.8548     Avg= 112731.4301 
Number of discrete variables fixed=0 (total=0)
Number of continuous variables fixed=0 (total=3)
Convergence metric=      0.8253
Initiating PH iteration=12
Variable averages and weights prior to scenario solves:
	Stage=FirstStage
		Variable= DevotedAcreage
			Index: [CORN]
				Tree Node= RootNode 		 (Scenarios:  BelowAverageScenario   AverageScenario   AboveAverageScenario   )
				Weights:      -35.0634     -38.0213      73.0847 
				Average:      80.6190
			Index: [SUGAR_BEETS]
				Tree Node= RootNode 		 (Scenarios:  BelowAverageScenario   AverageScenario   AboveAverageScenario   )
				Weights:       90.6190      66.9102    -157.5292 
				Average:     284.3810
			Index: [WHEAT]
				Tree Node= RootNode 		 (Scenarios:  BelowAverageScenario   AverageScenario   AboveAverageScenario   )
				Weights:      -55.5556     -28.8889      84.4444 
				Average:     135.0000
		Cost Variable=FirstStageCost
			Tree Node=RootNode		 (Scenarios:  BelowAverageScenario   AverageScenario   AboveAverageScenario   )
			Values:   112722.1452  112750.0000  112722.1452     Max-Min=     27.8548     Avg= 112731.4301 
------------------------------------------------
Starting PH iteration 12 solves
Queuing solve for scenario=BelowAverageScenario
Queuing solve for scenario=AverageScenario
Queuing solve for scenario=AboveAverageScenario
Waiting for scenario sub-problem solves
Scenario sub-problem solves completed
Successfully processed results for scenario=AverageScenario
Successfully loaded solution for scenario=AverageScenario
Successfully processed results for scenario=BelowAverageScenario
Successfully loaded solution for scenario=BelowAverageScenario
Successfully processed results for scenario=AboveAverageScenario
Successfully loaded solution for scenario=AboveAverageScenario
Successfully completed PH iteration 12 solves - solution statistics:
  Scenario             PH Objective             Cost Objective
BelowAverageScenario              -37760.4605             0.0000
     AverageScenario             -103628.0608             0.0000
AboveAverageScenario             -181410.5514             0.0000
Variable values following scenario solves:
	Stage=FirstStage
		Variable= DevotedAcreage
			Index: [CORN]
				Tree Node= RootNode 		 (Scenarios:  BelowAverageScenario   AverageScenario   AboveAverageScenario   )
				Values:       80.6190      80.0000      80.6190     Max-Min=      0.6190     Avg=     80.4127 
			Index: [SUGAR_BEETS]
				Tree Node= RootNode 		 (Scenarios:  BelowAverageScenario   AverageScenario   AboveAverageScenario   )
				Values:      284.3810     285.0000     284.3810     Max-Min=      0.6190     Avg=    284.5873 
			Index: [WHEAT]
				Tree Node= RootNode 		 (Scenarios:  BelowAverageScenario   AverageScenario   AboveAverageScenario   )
				Values:      135.0000     135.0000     135.0000     Max-Min=      0.0000     Avg=    135.0000 
		Cost Variable=FirstStageCost
			Tree Node=RootNode		 (Scenarios:  BelowAverageScenario   AverageScenario   AboveAverageScenario   )
			Values:   112731.4301  112750.0000  112731.4301     Max-Min=     18.5699     Avg= 112737.6201 
Number of discrete variables fixed=0 (total=0)
Number of continuous variables fixed=0 (total=3)
Convergence metric=      0.5502
Initiating PH iteration=13
Variable averages and weights prior to scenario solves:
	Stage=FirstStage
		Variable= DevotedAcreage
			Index: [CORN]
				Tree Node= RootNode 		 (Scenarios:  BelowAverageScenario   AverageScenario   AboveAverageScenario   )
				Weights:      -34.8571     -38.4339      73.2910 
				Average:      80.4127
			Index: [SUGAR_BEETS]
				Tree Node= RootNode 		 (Scenarios:  BelowAverageScenario   AverageScenario   AboveAverageScenario   )
				Weights:       90.4127      67.3228    -157.7355 
				Average:     284.5873
			Index: [WHEAT]
				Tree Node= RootNode 		 (Scenarios:  BelowAverageScenario   AverageScenario   AboveAverageScenario   )
				Weights:      -55.5556     -28.8889      84.4444 
				Average:     135.0000
		Cost Variable=FirstStageCost
			Tree Node=RootNode		 (Scenarios:  BelowAverageScenario   AverageScenario   AboveAverageScenario   )
			Values:   112731.4301  112750.0000  112731.4301     Max-Min=     18.5699     Avg= 112737.6201 
------------------------------------------------
Starting PH iteration 13 solves
Queuing solve for scenario=BelowAverageScenario
Queuing solve for scenario=AverageScenario
Queuing solve for scenario=AboveAverageScenario
Waiting for scenario sub-problem solves
Scenario sub-problem solves completed
Successfully processed results for scenario=AverageScenario
Successfully loaded solution for scenario=AverageScenario
Successfully processed results for scenario=BelowAverageScenario
Successfully loaded solution for scenario=BelowAverageScenario
Successfully processed results for scenario=AboveAverageScenario
Successfully loaded solution for scenario=AboveAverageScenario
Successfully completed PH iteration 13 solves - solution statistics:
  Scenario             PH Objective             Cost Objective
BelowAverageScenario              -37785.3219             0.0000
     AverageScenario             -103566.6319             0.0000
AboveAverageScenario             -181432.1726             0.0000
Variable values following scenario solves:
	Stage=FirstStage
		Variable= DevotedAcreage
			Index: [CORN]
				Tree Node= RootNode 		 (Scenarios:  BelowAverageScenario   AverageScenario   AboveAverageScenario   )
				Values:       80.4127      80.0000      80.4127     Max-Min=      0.4127     Avg=     80.2751 
			Index: [SUGAR_BEETS]
				Tree Node= RootNode 		 (Scenarios:  BelowAverageScenario   AverageScenario   AboveAverageScenario   )
				Values:      284.5873     285.0000     284.5873     Max-Min=      0.4127     Avg=    284.7249 
			Index: [WHEAT]
				Tree Node= RootNode 		 (Scenarios:  BelowAverageScenario   AverageScenario   AboveAverageScenario   )
				Values:      135.0000     135.0000     135.0000     Max-Min=      0.0000     Avg=    135.0000 
		Cost Variable=FirstStageCost
			Tree Node=RootNode		 (Scenarios:  BelowAverageScenario   AverageScenario   AboveAverageScenario   )
			Values:   112737.6201  112750.0000  112737.6201     Max-Min=     12.3799     Avg= 112741.7467 
Number of discrete variables fixed=0 (total=0)
Number of continuous variables fixed=0 (total=3)
Convergence metric=      0.3668
Initiating PH iteration=14
Variable averages and weights prior to scenario solves:
	Stage=FirstStage
		Variable= DevotedAcreage
			Index: [CORN]
				Tree Node= RootNode 		 (Scenarios:  BelowAverageScenario   AverageScenario   AboveAverageScenario   )
				Weights:      -34.7196     -38.7090      73.4286 
				Average:      80.2751
			Index: [SUGAR_BEETS]
				Tree Node= RootNode 		 (Scenarios:  BelowAverageScenario   AverageScenario   AboveAverageScenario   )
				Weights:       90.2751      67.5979    -157.8730 
				Average:     284.7249
			Index: [WHEAT]
				Tree Node= RootNode 		 (Scenarios:  BelowAverageScenario   AverageScenario   AboveAverageScenario   )
				Weights:      -55.5556     -28.8889      84.4444 
				Average:     135.0000
		Cost Variable=FirstStageCost
			Tree Node=RootNode		 (Scenarios:  BelowAverageScenario   AverageScenario   AboveAverageScenario   )
			Values:   112737.6201  112750.0000  112737.6201     Max-Min=     12.3799     Avg= 112741.7467 
------------------------------------------------
Starting PH iteration 14 solves
Queuing solve for scenario=BelowAverageScenario
Queuing solve for scenario=AverageScenario
Queuing solve for scenario=AboveAverageScenario
Waiting for scenario sub-problem solves
Scenario sub-problem solves completed
Successfully processed results for scenario=AverageScenario
Successfully loaded solution for scenario=AverageScenario
Successfully processed results for scenario=BelowAverageScenario
Successfully loaded solution for scenario=BelowAverageScenario
Successfully processed results for scenario=AboveAverageScenario
Successfully loaded solution for scenario=AboveAverageScenario
Successfully completed PH iteration 14 solves - solution statistics:
  Scenario             PH Objective             Cost Objective
BelowAverageScenario              -37801.9908             0.0000
     AverageScenario             -103525.6321             0.0000
AboveAverageScenario             -181446.6814             0.0000
Variable values following scenario solves:
	Stage=FirstStage
		Variable= DevotedAcreage
			Index: [CORN]
				Tree Node= RootNode 		 (Scenarios:  BelowAverageScenario   AverageScenario   AboveAverageScenario   )
				Values:       80.2751      80.0000      80.2751     Max-Min=      0.2751     Avg=     80.1834 
			Index: [SUGAR_BEETS]
				Tree Node= RootNode 		 (Scenarios:  BelowAverageScenario   AverageScenario   AboveAverageScenario   )
				Values:      284.7249     285.0000     284.7249     Max-Min=      0.2751     Avg=    284.8166 
			Index: [WHEAT]
				Tree Node= RootNode 		 (Scenarios:  BelowAverageScenario   AverageScenario   AboveAverageScenario   )
				Values:      135.0000     135.0000     135.0000     Max-Min=      0.0000     Avg=    135.0000 
		Cost Variable=FirstStageCost
			Tree Node=RootNode		 (Scenarios:  BelowAverageScenario   AverageScenario   AboveAverageScenario   )
			Values:   112741.7467  112750.0000  112741.7467     Max-Min=      8.2533     Avg= 112744.4978 
Number of discrete variables fixed=0 (total=0)
Number of continuous variables fixed=0 (total=3)
Convergence metric=      0.2445
Initiating PH iteration=15
Variable averages and weights prior to scenario solves:
	Stage=FirstStage
		Variable= DevotedAcreage
			Index: [CORN]
				Tree Node= RootNode 		 (Scenarios:  BelowAverageScenario   AverageScenario   AboveAverageScenario   )
				Weights:      -34.6279     -38.8924      73.5203 
				Average:      80.1834
			Index: [SUGAR_BEETS]
				Tree Node= RootNode 		 (Scenarios:  BelowAverageScenario   AverageScenario   AboveAverageScenario   )
				Weights:       90.1834      67.7813    -157.9647 
				Average:     284.8166
			Index: [WHEAT]
				Tree Node= RootNode 		 (Scenarios:  BelowAverageScenario   AverageScenario   AboveAverageScenario   )
				Weights:      -55.5556     -28.8889      84.4444 
				Average:     135.0000
		Cost Variable=FirstStageCost
			Tree Node=RootNode		 (Scenarios:  BelowAverageScenario   AverageScenario   AboveAverageScenario   )
			Values:   112741.7467  112750.0000  112741.7467     Max-Min=      8.2533     Avg= 112744.4978 
------------------------------------------------
Starting PH iteration 15 solves
Queuing solve for scenario=BelowAverageScenario
Queuing solve for scenario=AverageScenario
Queuing solve for scenario=AboveAverageScenario
Waiting for scenario sub-problem solves
Scenario sub-problem solves completed
Successfully processed results for scenario=AverageScenario
Successfully loaded solution for scenario=AverageScenario
Successfully processed results for scenario=BelowAverageScenario
Successfully loaded solution for scenario=BelowAverageScenario
Successfully processed results for scenario=AboveAverageScenario
Successfully loaded solution for scenario=AboveAverageScenario
Successfully completed PH iteration 15 solves - solution statistics:
  Scenario             PH Objective             Cost Objective
BelowAverageScenario              -37813.1454             0.0000
     AverageScenario             -103498.2778             0.0000
AboveAverageScenario             -181456.3960             0.0000
Variable values following scenario solves:
	Stage=FirstStage
		Variable= DevotedAcreage
			Index: [CORN]
				Tree Node= RootNode 		 (Scenarios:  BelowAverageScenario   AverageScenario   AboveAverageScenario   )
				Values:       80.1834      80.0000      80.1834     Max-Min=      0.1834     Avg=     80.1223 
			Index: [SUGAR_BEETS]
				Tree Node= RootNode 		 (Scenarios:  BelowAverageScenario   AverageScenario   AboveAverageScenario   )
				Values:      284.8166     285.0000     284.8166     Max-Min=      0.1834     Avg=    284.8777 
			Index: [WHEAT]
				Tree Node= RootNode 		 (Scenarios:  BelowAverageScenario   AverageScenario   AboveAverageScenario   )
				Values:      135.0000     135.0000     135.0000     Max-Min=      0.0000     Avg=    135.0000 
		Cost Variable=FirstStageCost
			Tree Node=RootNode		 (Scenarios:  BelowAverageScenario   AverageScenario   AboveAverageScenario   )
			Values:   112744.4978  112750.0000  112744.4978     Max-Min=      5.5022     Avg= 112746.3319 
Number of discrete variables fixed=0 (total=0)
Number of continuous variables fixed=0 (total=3)
Convergence metric=      0.1630
Initiating PH iteration=16
Variable averages and weights prior to scenario solves:
	Stage=FirstStage
		Variable= DevotedAcreage
			Index: [CORN]
				Tree Node= RootNode 		 (Scenarios:  BelowAverageScenario   AverageScenario   AboveAverageScenario   )
				Weights:      -34.5667     -39.0147      73.5814 
				Average:      80.1223
			Index: [SUGAR_BEETS]
				Tree Node= RootNode 		 (Scenarios:  BelowAverageScenario   AverageScenario   AboveAverageScenario   )
				Weights:       90.1223      67.9036    -158.0259 
				Average:     284.8777
			Index: [WHEAT]
				Tree Node= RootNode 		 (Scenarios:  BelowAverageScenario   AverageScenario   AboveAverageScenario   )
				Weights:      -55.5556     -28.8889      84.4444 
				Average:     135.0000
		Cost Variable=FirstStageCost
			Tree Node=RootNode		 (Scenarios:  BelowAverageScenario   AverageScenario   AboveAverageScenario   )
			Values:   112744.4978  112750.0000  112744.4978     Max-Min=      5.5022     Avg= 112746.3319 
------------------------------------------------
Starting PH iteration 16 solves
Queuing solve for scenario=BelowAverageScenario
Queuing solve for scenario=AverageScenario
Queuing solve for scenario=AboveAverageScenario
Waiting for scenario sub-problem solves
Scenario sub-problem solves completed
Successfully processed results for scenario=AverageScenario
Successfully loaded solution for scenario=AverageScenario
Successfully processed results for scenario=BelowAverageScenario
Successfully loaded solution for scenario=BelowAverageScenario
Successfully processed results for scenario=AboveAverageScenario
Successfully loaded solution for scenario=AboveAverageScenario
Successfully completed PH iteration 16 solves - solution statistics:
  Scenario             PH Objective             Cost Objective
BelowAverageScenario              -37820.6005             0.0000
     AverageScenario             -103480.0323             0.0000
AboveAverageScenario             -181462.8910             0.0000
Variable values following scenario solves:
	Stage=FirstStage
		Variable= DevotedAcreage
			Index: [CORN]
				Tree Node= RootNode 		 (Scenarios:  BelowAverageScenario   AverageScenario   AboveAverageScenario   )
				Values:       80.1223      80.0000      80.1223     Max-Min=      0.1223     Avg=     80.0815 
			Index: [SUGAR_BEETS]
				Tree Node= RootNode 		 (Scenarios:  BelowAverageScenario   AverageScenario   AboveAverageScenario   )
				Values:      284.8777     285.0000     284.8777     Max-Min=      0.1223     Avg=    284.9185 
			Index: [WHEAT]
				Tree Node= RootNode 		 (Scenarios:  BelowAverageScenario   AverageScenario   AboveAverageScenario   )
				Values:      135.0000     135.0000     135.0000     Max-Min=      0.0000     Avg=    135.0000 
		Cost Variable=FirstStageCost
			Tree Node=RootNode		 (Scenarios:  BelowAverageScenario   AverageScenario   AboveAverageScenario   )
			Values:   112746.3319  112750.0000  112746.3319     Max-Min=      3.6681     Avg= 112747.5546 
Number of discrete variables fixed=0 (total=0)
Number of continuous variables fixed=0 (total=3)
Convergence metric=      0.1087
Initiating PH iteration=17
Variable averages and weights prior to scenario solves:
	Stage=FirstStage
		Variable= DevotedAcreage
			Index: [CORN]
				Tree Node= RootNode 		 (Scenarios:  BelowAverageScenario   AverageScenario   AboveAverageScenario   )
				Weights:      -34.5260     -39.0962      73.6222 
				Average:      80.0815
			Index: [SUGAR_BEETS]
				Tree Node= RootNode 		 (Scenarios:  BelowAverageScenario   AverageScenario   AboveAverageScenario   )
				Weights:       90.0815      67.9851    -158.0666 
				Average:     284.9185
			Index: [WHEAT]
				Tree Node= RootNode 		 (Scenarios:  BelowAverageScenario   AverageScenario   AboveAverageScenario   )
				Weights:      -55.5556     -28.8889      84.4444 
				Average:     135.0000
		Cost Variable=FirstStageCost
			Tree Node=RootNode		 (Scenarios:  BelowAverageScenario   AverageScenario   AboveAverageScenario   )
			Values:   112746.3319  112750.0000  112746.3319     Max-Min=      3.6681     Avg= 112747.5546 
------------------------------------------------
Starting PH iteration 17 solves
Queuing solve for scenario=BelowAverageScenario
Queuing solve for scenario=AverageScenario
Queuing solve for scenario=AboveAverageScenario
Waiting for scenario sub-problem solves
Scenario sub-problem solves completed
Successfully processed results for scenario=AverageScenario
Successfully loaded solution for scenario=AverageScenario
Successfully processed results for scenario=BelowAverageScenario
Successfully loaded solution for scenario=BelowAverageScenario
Successfully processed results for scenario=AboveAverageScenario
Successfully loaded solution for scenario=AboveAverageScenario
Successfully completed PH iteration 17 solves - solution statistics:
  Scenario             PH Objective             Cost Objective
BelowAverageScenario              -37825.5789             0.0000
     AverageScenario             -103467.8644             0.0000
AboveAverageScenario             -181467.2294             0.0000
Variable values following scenario solves:
	Stage=FirstStage
		Variable= DevotedAcreage
			Index: [CORN]
				Tree Node= RootNode 		 (Scenarios:  BelowAverageScenario   AverageScenario   AboveAverageScenario   )
				Values:       80.0815      80.0000      80.0815     Max-Min=      0.0815     Avg=     80.0543 
			Index: [SUGAR_BEETS]
				Tree Node= RootNode 		 (Scenarios:  BelowAverageScenario   AverageScenario   AboveAverageScenario   )
				Values:      284.9185     285.0000     284.9185     Max-Min=      0.0815     Avg=    284.9457 
			Index: [WHEAT]
				Tree Node= RootNode 		 (Scenarios:  BelowAverageScenario   AverageScenario   AboveAverageScenario   )
				Values:      135.0000     135.0000     135.0000     Max-Min=      0.0000     Avg=    135.0000 
		Cost Variable=FirstStageCost
			Tree Node=RootNode		 (Scenarios:  BelowAverageScenario   AverageScenario   AboveAverageScenario   )
			Values:   112747.5546  112750.0000  112747.5546     Max-Min=      2.4454     Avg= 112748.3697 
Number of discrete variables fixed=0 (total=0)
Number of continuous variables fixed=0 (total=3)
Convergence metric=      0.0725
Initiating PH iteration=18
Variable averages and weights prior to scenario solves:
	Stage=FirstStage
		Variable= DevotedAcreage
			Index: [CORN]
				Tree Node= RootNode 		 (Scenarios:  BelowAverageScenario   AverageScenario   AboveAverageScenario   )
				Weights:      -34.4988     -39.1506      73.6494 
				Average:      80.0543
			Index: [SUGAR_BEETS]
				Tree Node= RootNode 		 (Scenarios:  BelowAverageScenario   AverageScenario   AboveAverageScenario   )
				Weights:       90.0543      68.0395    -158.0938 
				Average:     284.9457
			Index: [WHEAT]
				Tree Node= RootNode 		 (Scenarios:  BelowAverageScenario   AverageScenario   AboveAverageScenario   )
				Weights:      -55.5556     -28.8889      84.4444 
				Average:     135.0000
		Cost Variable=FirstStageCost
			Tree Node=RootNode		 (Scenarios:  BelowAverageScenario   AverageScenario   AboveAverageScenario   )
			Values:   112747.5546  112750.0000  112747.5546     Max-Min=      2.4454     Avg= 112748.3697 
------------------------------------------------
Starting PH iteration 18 solves
Queuing solve for scenario=BelowAverageScenario
Queuing solve for scenario=AverageScenario
Queuing solve for scenario=AboveAverageScenario
Waiting for scenario sub-problem solves
Scenario sub-problem solves completed
Successfully processed results for scenario=AverageScenario
Successfully loaded solution for scenario=AverageScenario
Successfully processed results for scenario=BelowAverageScenario
Successfully loaded solution for scenario=BelowAverageScenario
Successfully processed results for scenario=AboveAverageScenario
Successfully loaded solution for scenario=AboveAverageScenario
Successfully completed PH iteration 18 solves - solution statistics:
  Scenario             PH Objective             Cost Objective
BelowAverageScenario              -37828.9015             0.0000
     AverageScenario             -103459.7507             0.0000
AboveAverageScenario             -181470.1253             0.0000
Variable values following scenario solves:
	Stage=FirstStage
		Variable= DevotedAcreage
			Index: [CORN]
				Tree Node= RootNode 		 (Scenarios:  BelowAverageScenario   AverageScenario   AboveAverageScenario   )
				Values:       80.0543      80.0000      80.0543     Max-Min=      0.0543     Avg=     80.0362 
			Index: [SUGAR_BEETS]
				Tree Node= RootNode 		 (Scenarios:  BelowAverageScenario   AverageScenario   AboveAverageScenario   )
				Values:      284.9457     285.0000     284.9457     Max-Min=      0.0543     Avg=    284.9638 
			Index: [WHEAT]
				Tree Node= RootNode 		 (Scenarios:  BelowAverageScenario   AverageScenario   AboveAverageScenario   )
				Values:      135.0000     135.0000     135.0000     Max-Min=      0.0000     Avg=    135.0000 
		Cost Variable=FirstStageCost
			Tree Node=RootNode		 (Scenarios:  BelowAverageScenario   AverageScenario   AboveAverageScenario   )
			Values:   112748.3697  112750.0000  112748.3697     Max-Min=      1.6303     Avg= 112748.9132 
Number of discrete variables fixed=0 (total=0)
Number of continuous variables fixed=0 (total=3)
Convergence metric=      0.0483
Initiating PH iteration=19
Variable averages and weights prior to scenario solves:
	Stage=FirstStage
		Variable= DevotedAcreage
			Index: [CORN]
				Tree Node= RootNode 		 (Scenarios:  BelowAverageScenario   AverageScenario   AboveAverageScenario   )
				Weights:      -34.4807     -39.1868      73.6675 
				Average:      80.0362
			Index: [SUGAR_BEETS]
				Tree Node= RootNode 		 (Scenarios:  BelowAverageScenario   AverageScenario   AboveAverageScenario   )
				Weights:       90.0362      68.0757    -158.1119 
				Average:     284.9638
			Index: [WHEAT]
				Tree Node= RootNode 		 (Scenarios:  BelowAverageScenario   AverageScenario   AboveAverageScenario   )
				Weights:      -55.5556     -28.8889      84.4444 
				Average:     135.0000
		Cost Variable=FirstStageCost
			Tree Node=RootNode		 (Scenarios:  BelowAverageScenario   AverageScenario   AboveAverageScenario   )
			Values:   112748.3697  112750.0000  112748.3697     Max-Min=      1.6303     Avg= 112748.9132 
------------------------------------------------
Starting PH iteration 19 solves
Queuing solve for scenario=BelowAverageScenario
Queuing solve for scenario=AverageScenario
Queuing solve for scenario=AboveAverageScenario
Waiting for scenario sub-problem solves
Scenario sub-problem solves completed
Successfully processed results for scenario=AverageScenario
Successfully loaded solution for scenario=AverageScenario
Successfully processed results for scenario=BelowAverageScenario
Successfully loaded solution for scenario=BelowAverageScenario
Successfully processed results for scenario=AboveAverageScenario
Successfully loaded solution for scenario=AboveAverageScenario
Successfully completed PH iteration 19 solves - solution statistics:
  Scenario             PH Objective             Cost Objective
BelowAverageScenario              -37831.1182             0.0000
     AverageScenario             -103454.3407             0.0000
AboveAverageScenario             -181472.0575             0.0000
Variable values following scenario solves:
	Stage=FirstStage
		Variable= DevotedAcreage
			Index: [CORN]
				Tree Node= RootNode 		 (Scenarios:  BelowAverageScenario   AverageScenario   AboveAverageScenario   )
				Values:       80.0362      80.0000      80.0362     Max-Min=      0.0362     Avg=     80.0242 
			Index: [SUGAR_BEETS]
				Tree Node= RootNode 		 (Scenarios:  BelowAverageScenario   AverageScenario   AboveAverageScenario   )
				Values:      284.9638     285.0000     284.9638     Max-Min=      0.0362     Avg=    284.9758 
			Index: [WHEAT]
				Tree Node= RootNode 		 (Scenarios:  BelowAverageScenario   AverageScenario   AboveAverageScenario   )
				Values:      135.0000     135.0000     135.0000     Max-Min=      0.0000     Avg=    135.0000 
		Cost Variable=FirstStageCost
			Tree Node=RootNode		 (Scenarios:  BelowAverageScenario   AverageScenario   AboveAverageScenario   )
			Values:   112748.9132  112750.0000  112748.9132     Max-Min=      1.0869     Avg= 112749.2755 
Number of discrete variables fixed=0 (total=0)
Number of continuous variables fixed=0 (total=3)
Convergence metric=      0.0322
Initiating PH iteration=20
Variable averages and weights prior to scenario solves:
	Stage=FirstStage
		Variable= DevotedAcreage
			Index: [CORN]
				Tree Node= RootNode 		 (Scenarios:  BelowAverageScenario   AverageScenario   AboveAverageScenario   )
				Weights:      -34.4686     -39.2110      73.6796 
				Average:      80.0242
			Index: [SUGAR_BEETS]
				Tree Node= RootNode 		 (Scenarios:  BelowAverageScenario   AverageScenario   AboveAverageScenario   )
				Weights:       90.0242      68.0998    -158.1240 
				Average:     284.9758
			Index: [WHEAT]
				Tree Node= RootNode 		 (Scenarios:  BelowAverageScenario   AverageScenario   AboveAverageScenario   )
				Weights:      -55.5556     -28.8889      84.4444 
				Average:     135.0000
		Cost Variable=FirstStageCost
			Tree Node=RootNode		 (Scenarios:  BelowAverageScenario   AverageScenario   AboveAverageScenario   )
			Values:   112748.9132  112750.0000  112748.9132     Max-Min=      1.0869     Avg= 112749.2755 
------------------------------------------------
Starting PH iteration 20 solves
Queuing solve for scenario=BelowAverageScenario
Queuing solve for scenario=AverageScenario
Queuing solve for scenario=AboveAverageScenario
Waiting for scenario sub-problem solves
Scenario sub-problem solves completed
Successfully processed results for scenario=AverageScenario
Successfully loaded solution for scenario=AverageScenario
Successfully processed results for scenario=BelowAverageScenario
Successfully loaded solution for scenario=BelowAverageScenario
Successfully processed results for scenario=AboveAverageScenario
Successfully loaded solution for scenario=AboveAverageScenario
Successfully completed PH iteration 20 solves - solution statistics:
  Scenario             PH Objective             Cost Objective
BelowAverageScenario              -37832.5968             0.0000
     AverageScenario             -103450.7337             0.0000
AboveAverageScenario             -181473.3464             0.0000
Variable values following scenario solves:
	Stage=FirstStage
		Variable= DevotedAcreage
			Index: [CORN]
				Tree Node= RootNode 		 (Scenarios:  BelowAverageScenario   AverageScenario   AboveAverageScenario   )
				Values:       80.0242      80.0000      80.0242     Max-Min=      0.0242     Avg=     80.0161 
			Index: [SUGAR_BEETS]
				Tree Node= RootNode 		 (Scenarios:  BelowAverageScenario   AverageScenario   AboveAverageScenario   )
				Values:      284.9758     285.0000     284.9758     Max-Min=      0.0242     Avg=    284.9839 
			Index: [WHEAT]
				Tree Node= RootNode 		 (Scenarios:  BelowAverageScenario   AverageScenario   AboveAverageScenario   )
				Values:      135.0000     135.0000     135.0000     Max-Min=      0.0000     Avg=    135.0000 
		Cost Variable=FirstStageCost
			Tree Node=RootNode		 (Scenarios:  BelowAverageScenario   AverageScenario   AboveAverageScenario   )
			Values:   112749.2755  112750.0000  112749.2755     Max-Min=      0.7246     Avg= 112749.5170 
Number of discrete variables fixed=0 (total=0)
Number of continuous variables fixed=0 (total=3)
Convergence metric=      0.0215
Initiating PH iteration=21
Variable averages and weights prior to scenario solves:
	Stage=FirstStage
		Variable= DevotedAcreage
			Index: [CORN]
				Tree Node= RootNode 		 (Scenarios:  BelowAverageScenario   AverageScenario   AboveAverageScenario   )
				Weights:      -34.4605     -39.2271      73.6876 
				Average:      80.0161
			Index: [SUGAR_BEETS]
				Tree Node= RootNode 		 (Scenarios:  BelowAverageScenario   AverageScenario   AboveAverageScenario   )
				Weights:       90.0161      68.1159    -158.1320 
				Average:     284.9839
			Index: [WHEAT]
				Tree Node= RootNode 		 (Scenarios:  BelowAverageScenario   AverageScenario   AboveAverageScenario   )
				Weights:      -55.5556     -28.8889      84.4444 
				Average:     135.0000
		Cost Variable=FirstStageCost
			Tree Node=RootNode		 (Scenarios:  BelowAverageScenario   AverageScenario   AboveAverageScenario   )
			Values:   112749.2755  112750.0000  112749.2755     Max-Min=      0.7246     Avg= 112749.5170 
------------------------------------------------
Starting PH iteration 21 solves
Queuing solve for scenario=BelowAverageScenario
Queuing solve for scenario=AverageScenario
Queuing solve for scenario=AboveAverageScenario
Waiting for scenario sub-problem solves
Scenario sub-problem solves completed
Successfully processed results for scenario=AverageScenario
Successfully loaded solution for scenario=AverageScenario
Successfully processed results for scenario=BelowAverageScenario
Successfully loaded solution for scenario=BelowAverageScenario
Successfully processed results for scenario=AboveAverageScenario
Successfully loaded solution for scenario=AboveAverageScenario
Successfully completed PH iteration 21 solves - solution statistics:
  Scenario             PH Objective             Cost Objective
BelowAverageScenario              -37833.5828             0.0000
     AverageScenario             -103448.3289             0.0000
AboveAverageScenario             -181474.2060             0.0000
Variable values following scenario solves:
	Stage=FirstStage
		Variable= DevotedAcreage
			Index: [CORN]
				Tree Node= RootNode 		 (Scenarios:  BelowAverageScenario   AverageScenario   AboveAverageScenario   )
				Values:       80.0161      80.0000      80.0161     Max-Min=      0.0161     Avg=     80.0107 
			Index: [SUGAR_BEETS]
				Tree Node= RootNode 		 (Scenarios:  BelowAverageScenario   AverageScenario   AboveAverageScenario   )
				Values:      284.9839     285.0000     284.9839     Max-Min=      0.0161     Avg=    284.9893 
			Index: [WHEAT]
				Tree Node= RootNode 		 (Scenarios:  BelowAverageScenario   AverageScenario   AboveAverageScenario   )
				Values:      135.0000     135.0000     135.0000     Max-Min=      0.0000     Avg=    135.0000 
		Cost Variable=FirstStageCost
			Tree Node=RootNode		 (Scenarios:  BelowAverageScenario   AverageScenario   AboveAverageScenario   )
			Values:   112749.5170  112750.0000  112749.5170     Max-Min=      0.4830     Avg= 112749.6780 
Number of discrete variables fixed=0 (total=0)
Number of continuous variables fixed=0 (total=3)
Convergence metric=      0.0143
Initiating PH iteration=22
Variable averages and weights prior to scenario solves:
	Stage=FirstStage
		Variable= DevotedAcreage
			Index: [CORN]
				Tree Node= RootNode 		 (Scenarios:  BelowAverageScenario   AverageScenario   AboveAverageScenario   )
				Weights:      -34.4552     -39.2378      73.6930 
				Average:      80.0107
			Index: [SUGAR_BEETS]
				Tree Node= RootNode 		 (Scenarios:  BelowAverageScenario   AverageScenario   AboveAverageScenario   )
				Weights:       90.0107      68.1267    -158.1374 
				Average:     284.9893
			Index: [WHEAT]
				Tree Node= RootNode 		 (Scenarios:  BelowAverageScenario   AverageScenario   AboveAverageScenario   )
				Weights:      -55.5556     -28.8889      84.4444 
				Average:     135.0000
		Cost Variable=FirstStageCost
			Tree Node=RootNode		 (Scenarios:  BelowAverageScenario   AverageScenario   AboveAverageScenario   )
			Values:   112749.5170  112750.0000  112749.5170     Max-Min=      0.4830     Avg= 112749.6780 
------------------------------------------------
Starting PH iteration 22 solves
Queuing solve for scenario=BelowAverageScenario
Queuing solve for scenario=AverageScenario
Queuing solve for scenario=AboveAverageScenario
Waiting for scenario sub-problem solves
Scenario sub-problem solves completed
Successfully processed results for scenario=AverageScenario
Successfully loaded solution for scenario=AverageScenario
Successfully processed results for scenario=BelowAverageScenario
Successfully loaded solution for scenario=BelowAverageScenario
Successfully processed results for scenario=AboveAverageScenario
Successfully loaded solution for scenario=AboveAverageScenario
Successfully completed PH iteration 22 solves - solution statistics:
  Scenario             PH Objective             Cost Objective
BelowAverageScenario              -37834.2403             0.0000
     AverageScenario             -103446.7256             0.0000
AboveAverageScenario             -181474.7792             0.0000
Variable values following scenario solves:
	Stage=FirstStage
		Variable= DevotedAcreage
			Index: [CORN]
				Tree Node= RootNode 		 (Scenarios:  BelowAverageScenario   AverageScenario   AboveAverageScenario   )
				Values:       80.0107      80.0000      80.0107     Max-Min=      0.0107     Avg=     80.0072 
			Index: [SUGAR_BEETS]
				Tree Node= RootNode 		 (Scenarios:  BelowAverageScenario   AverageScenario   AboveAverageScenario   )
				Values:      284.9893     285.0000     284.9893     Max-Min=      0.0107     Avg=    284.9928 
			Index: [WHEAT]
				Tree Node= RootNode 		 (Scenarios:  BelowAverageScenario   AverageScenario   AboveAverageScenario   )
				Values:      135.0000     135.0000     135.0000     Max-Min=      0.0000     Avg=    135.0000 
		Cost Variable=FirstStageCost
			Tree Node=RootNode		 (Scenarios:  BelowAverageScenario   AverageScenario   AboveAverageScenario   )
			Values:   112749.6780  112750.0000  112749.6780     Max-Min=      0.3220     Avg= 112749.7853 
Number of discrete variables fixed=0 (total=0)
Number of continuous variables fixed=0 (total=3)
Convergence metric=      0.0095
PH converged - convergence metric is below threshold=0.01
PH complete
Convergence history:
Iteration    Metric Value
     0            98.5185
     1            48.1481
     2            38.2716
     3            32.8395
     4            14.1015
     5             9.4010
     6             6.2673
     7             4.1782
     8             2.7855
     9             1.8570
    10             1.2380
    11             0.8253
    12             0.5502
    13             0.3668
    14             0.2445
    15             0.1630
    16             0.1087
    17             0.0725
    18             0.0483
    19             0.0322
    20             0.0215
    21             0.0143
    22             0.0095
Final variable values:
	Stage=FirstStage
		Variable= DevotedAcreage
			Index: [CORN]
				Tree Node= RootNode 		 (Scenarios:  BelowAverageScenario   AverageScenario   AboveAverageScenario   )
				Values:       80.0107      80.0000      80.0107     Max-Min=      0.0107     Avg=     80.0072 
			Index: [SUGAR_BEETS]
				Tree Node= RootNode 		 (Scenarios:  BelowAverageScenario   AverageScenario   AboveAverageScenario   )
				Values:      284.9893     285.0000     284.9893     Max-Min=      0.0107     Avg=    284.9928 
			Index: [WHEAT]
				Tree Node= RootNode 		 (Scenarios:  BelowAverageScenario   AverageScenario   AboveAverageScenario   )
				Values:      135.0000     135.0000     135.0000     Max-Min=      0.0000     Avg=    135.0000 
		Cost Variable=FirstStageCost
			Tree Node=RootNode		 (Scenarios:  BelowAverageScenario   AverageScenario   AboveAverageScenario   )
			Values:   112749.6780  112750.0000  112749.6780     Max-Min=      0.3220     Avg= 112749.7853 
Final costs:
Scenario Tree Costs
***WARNING***: Assumes full (or nearly so) convergence of scenario solutions at each node in the scenario tree - computed costs are invalid otherwise
----------------------------------------------------
Model=unknown
----------------------------------------------------
Tree Nodes:

	Name=AboveAverageNode
	Stage=SecondStage
	Parent=RootNode
	Conditional probability=0.3333
	Children:
		None
	Scenarios:
		AboveAverageScenario
	Expected node cost=-266453.2202

	Name=AverageNode
	Stage=SecondStage
	Parent=RootNode
	Conditional probability=0.3333
	Children:
		None
	Scenarios:
		AverageScenario
	Expected node cost=-228575.0001

	Name=BelowAverageNode
	Stage=SecondStage
	Parent=RootNode
	Conditional probability=0.3333
	Children:
		None
	Scenarios:
		BelowAverageScenario
	Expected node cost=-165979.2272

	Name=RootNode
	Stage=FirstStage
	Parent=None
	Conditional probability=1.0000
	Children:
		AboveAverageNode
		BelowAverageNode
		AverageNode
	Scenarios:
		BelowAverageScenario
		AverageScenario
		AboveAverageScenario
	Expected node cost=-107586.1379

----------------------------------------------------
Scenarios:

	Name=AboveAverageScenario
	Probability=0.3333
	Leaf Node=AboveAverageNode
	Tree node sequence:
		RootNode
		AboveAverageNode
	Stage=          FirstStage     Cost=112749.6780
	Stage=         SecondStage     Cost=-266453.2202
	Total scenario cost=-153703.5423

	Name=AverageScenario
	Probability=0.3333
	Leaf Node=AverageNode
	Tree node sequence:
		RootNode
		AverageNode
	Stage=          FirstStage     Cost=112750.0000
	Stage=         SecondStage     Cost=-228575.0001
	Total scenario cost=-115825.0000

	Name=BelowAverageScenario
	Probability=0.3333
	Leaf Node=BelowAverageNode
	Tree node sequence:
		RootNode
		BelowAverageNode
	Stage=          FirstStage     Cost=112749.6780
	Stage=         SecondStage     Cost=-165979.2272
	Total scenario cost=-53229.5492

----------------------------------------------------

DONE...

Total execution time=    1.05 seconds

