main       DEBUG Reading command line options first.
main       DEBUG Model file is 'googlecoop.xmi'.
main       DEBUG Figuring out the settings we're passing to the main program...
main       DEBUG Keys available through the option parser: ['ape_support', 'author', 'backreferences_support', 'build_msgcatalog', 'config_file', 'copyright', 'creation_roles', 'customization_policy', 'default_class_type', 'default_creation_permission', 'default_description_generation', 'default_field_generation', 'detailed_created_permissions', 'detailed_creation_permissions', 'email', 'force', 'generateActions', 'generateDefaultActions', 'generate_packages', 'generated_date', 'i18n_content_support', 'license', 'method_preservation', 'module_info_header', 'noclass', 'outfilename', 'parse_packages', 'pdb_on_exception', 'prefix', 'rcs_id', 'relation_implementation', 'sql_storage_support', 'strip_html', 'unknownTypesAsString', 'version_info', 'widget_enhancement'].
main       DEBUG Option 'ape_support' has value '0'.
main       DEBUG Option 'author' has value '[]'.
main       DEBUG Option 'backreferences_support' has value 'None'.
main       DEBUG Option 'build_msgcatalog' has value '1'.
main       DEBUG Option 'config_file' has value 'None'.
main       DEBUG Option 'copyright' has value ''.
main       DEBUG Option 'creation_roles' has value 'python:('Manager','Owner')'.
main       DEBUG Option 'customization_policy' has value '0'.
main       DEBUG Option 'default_class_type' has value 'content_class'.
main       DEBUG Option 'default_creation_permission' has value 'Add portal content'.
main       DEBUG Option 'default_description_generation' has value '0'.
main       DEBUG Option 'default_field_generation' has value '0'.
main       DEBUG Option 'detailed_created_permissions' has value '0'.
main       DEBUG Option 'detailed_creation_permissions' has value '0'.
main       DEBUG Option 'email' has value '[]'.
main       DEBUG Option 'force' has value '1'.
main       DEBUG Option 'generateActions' has value '1'.
main       DEBUG Option 'generateDefaultActions' has value '0'.
main       DEBUG Option 'generate_packages' has value 'None'.
main       DEBUG Option 'generated_date' has value '0'.
main       DEBUG Option 'i18n_content_support' has value ''.
main       DEBUG Option 'license' has value 'GPL'.
main       DEBUG Option 'method_preservation' has value '1'.
main       DEBUG Option 'module_info_header' has value '1'.
main       DEBUG Option 'noclass' has value '0'.
main       DEBUG Option 'outfilename' has value ''.
main       DEBUG Option 'parse_packages' has value 'None'.
main       DEBUG Option 'pdb_on_exception' has value '0'.
main       DEBUG Option 'prefix' has value ''.
main       DEBUG Option 'rcs_id' has value '0'.
main       DEBUG Option 'relation_implementation' has value 'basic'.
main       DEBUG Option 'sql_storage_support' has value '0'.
main       DEBUG Option 'strip_html' has value '0'.
main       DEBUG Option 'unknownTypesAsString' has value '0'.
main       DEBUG Option 'version_info' has value '1'.
main       DEBUG Option 'widget_enhancement' has value '1'.
main       DEBUG Outfilename not specified in the options. Trying second loose commandline argument.
main       DEBUG No second argument found: keeping outfilename empty.
generator  DEBUG Initializing ArchetypesGenerator. We're being passed a file 'googlecoop.xmi' and keyword arguments {'detailed_creation_permissions': 0, 'default_description_generation': 0, 'force': 1, 'backreferences_support': None, 'prefix': '', 'default_class_type': 'content_class', 'generated_date': 0, 'relation_implementation': 'basic', 'detailed_created_permissions': 0, 'customization_policy': 0, 'generate_packages': None, 'sql_storage_support': 0, 'copyright': '', 'author': [], 'outfilename': '', 'generateDefaultActions': 0, 'email': [], 'config_file': None, 'version_info': 1, 'pdb_on_exception': 0, 'generateActions': 1, 'rcs_id': 0, 'module_info_header': 1, 'default_creation_permission': 'Add portal content', 'build_msgcatalog': 1, 'i18n_content_support': '', 'license': 'GPL', 'default_field_generation': 0, 'unknownTypesAsString': 0, 'method_preservation': 1, 'widget_enhancement': 1, 'strip_html': 0, 'ape_support': 0, 'noclass': 0, 'parse_packages': None, 'creation_roles': "python:('Manager','Owner')"}.
generator  DEBUG After copying over the keyword arguments (read: OptionParser's options), outfilename is ''.
generator  DEBUG Outfilename hasn't been set. Setting targetroot to the current directory.
generator  DEBUG Initialization finished.
generator  INFO  Parsing...
generator  DEBUG Opening xmi...
