This is pdfTeX, Version 3.1415926-1.40.10 (TeX Live 2009/Debian) (format=pdflatex 2011.4.5)  15 APR 2011 14:40
entering extended mode
 %&-line parsing enabled.
**nipype.tex
(./nipype.tex
LaTeX2e <2009/09/24>
Babel <v3.8l> and hyphenation patterns for english, usenglishmax, dumylang, noh
yphenation, loaded.
(./sphinxmanual.cls
Document Class: sphinxmanual 2009/06/02 Document class (Sphinx manual)
(/usr/share/texmf-texlive/tex/latex/base/report.cls
Document Class: report 2007/10/19 v1.4h Standard LaTeX document class
(/usr/share/texmf-texlive/tex/latex/base/size10.clo
File: size10.clo 2007/10/19 v1.4h Standard LaTeX file (size option)
)
\c@part=\count79
\c@chapter=\count80
\c@section=\count81
\c@subsection=\count82
\c@subsubsection=\count83
\c@paragraph=\count84
\c@subparagraph=\count85
\c@figure=\count86
\c@table=\count87
\abovecaptionskip=\skip41
\belowcaptionskip=\skip42
\bibindent=\dimen102
))
(/usr/share/texmf-texlive/tex/latex/base/inputenc.sty
Package: inputenc 2008/03/30 v1.1d Input encoding file
\inpenc@prehook=\toks14
\inpenc@posthook=\toks15

(/usr/share/texmf-texlive/tex/latex/base/utf8.def
File: utf8.def 2008/04/05 v1.1m UTF-8 support for inputenc
Now handling font encoding OML ...
... no UTF-8 mapping file for font encoding OML
Now handling font encoding T1 ...
... processing UTF-8 mapping file for font encoding T1

(/usr/share/texmf-texlive/tex/latex/base/t1enc.dfu
File: t1enc.dfu 2008/04/05 v1.1m UTF-8 support for inputenc
   defining Unicode char U+00A1 (decimal 161)
   defining Unicode char U+00A3 (decimal 163)
   defining Unicode char U+00AB (decimal 171)
   defining Unicode char U+00BB (decimal 187)
   defining Unicode char U+00BF (decimal 191)
   defining Unicode char U+00C0 (decimal 192)
   defining Unicode char U+00C1 (decimal 193)
   defining Unicode char U+00C2 (decimal 194)
   defining Unicode char U+00C3 (decimal 195)
   defining Unicode char U+00C4 (decimal 196)
   defining Unicode char U+00C5 (decimal 197)
   defining Unicode char U+00C6 (decimal 198)
   defining Unicode char U+00C7 (decimal 199)
   defining Unicode char U+00C8 (decimal 200)
   defining Unicode char U+00C9 (decimal 201)
   defining Unicode char U+00CA (decimal 202)
   defining Unicode char U+00CB (decimal 203)
   defining Unicode char U+00CC (decimal 204)
   defining Unicode char U+00CD (decimal 205)
   defining Unicode char U+00CE (decimal 206)
   defining Unicode char U+00CF (decimal 207)
   defining Unicode char U+00D0 (decimal 208)
   defining Unicode char U+00D1 (decimal 209)
   defining Unicode char U+00D2 (decimal 210)
   defining Unicode char U+00D3 (decimal 211)
   defining Unicode char U+00D4 (decimal 212)
   defining Unicode char U+00D5 (decimal 213)
   defining Unicode char U+00D6 (decimal 214)
   defining Unicode char U+00D8 (decimal 216)
   defining Unicode char U+00D9 (decimal 217)
   defining Unicode char U+00DA (decimal 218)
   defining Unicode char U+00DB (decimal 219)
   defining Unicode char U+00DC (decimal 220)
   defining Unicode char U+00DD (decimal 221)
   defining Unicode char U+00DE (decimal 222)
   defining Unicode char U+00DF (decimal 223)
   defining Unicode char U+00E0 (decimal 224)
   defining Unicode char U+00E1 (decimal 225)
   defining Unicode char U+00E2 (decimal 226)
   defining Unicode char U+00E3 (decimal 227)
   defining Unicode char U+00E4 (decimal 228)
   defining Unicode char U+00E5 (decimal 229)
   defining Unicode char U+00E6 (decimal 230)
   defining Unicode char U+00E7 (decimal 231)
   defining Unicode char U+00E8 (decimal 232)
   defining Unicode char U+00E9 (decimal 233)
   defining Unicode char U+00EA (decimal 234)
   defining Unicode char U+00EB (decimal 235)
   defining Unicode char U+00EC (decimal 236)
   defining Unicode char U+00ED (decimal 237)
   defining Unicode char U+00EE (decimal 238)
   defining Unicode char U+00EF (decimal 239)
   defining Unicode char U+00F0 (decimal 240)
   defining Unicode char U+00F1 (decimal 241)
   defining Unicode char U+00F2 (decimal 242)
   defining Unicode char U+00F3 (decimal 243)
   defining Unicode char U+00F4 (decimal 244)
   defining Unicode char U+00F5 (decimal 245)
   defining Unicode char U+00F6 (decimal 246)
   defining Unicode char U+00F8 (decimal 248)
   defining Unicode char U+00F9 (decimal 249)
   defining Unicode char U+00FA (decimal 250)
   defining Unicode char U+00FB (decimal 251)
   defining Unicode char U+00FC (decimal 252)
   defining Unicode char U+00FD (decimal 253)
   defining Unicode char U+00FE (decimal 254)
   defining Unicode char U+00FF (decimal 255)
   defining Unicode char U+0102 (decimal 258)
   defining Unicode char U+0103 (decimal 259)
   defining Unicode char U+0104 (decimal 260)
   defining Unicode char U+0105 (decimal 261)
   defining Unicode char U+0106 (decimal 262)
   defining Unicode char U+0107 (decimal 263)
   defining Unicode char U+010C (decimal 268)
   defining Unicode char U+010D (decimal 269)
   defining Unicode char U+010E (decimal 270)
   defining Unicode char U+010F (decimal 271)
   defining Unicode char U+0110 (decimal 272)
   defining Unicode char U+0111 (decimal 273)
   defining Unicode char U+0118 (decimal 280)
   defining Unicode char U+0119 (decimal 281)
   defining Unicode char U+011A (decimal 282)
   defining Unicode char U+011B (decimal 283)
   defining Unicode char U+011E (decimal 286)
   defining Unicode char U+011F (decimal 287)
   defining Unicode char U+0130 (decimal 304)
   defining Unicode char U+0131 (decimal 305)
   defining Unicode char U+0132 (decimal 306)
   defining Unicode char U+0133 (decimal 307)
   defining Unicode char U+0139 (decimal 313)
   defining Unicode char U+013A (decimal 314)
   defining Unicode char U+013D (decimal 317)
   defining Unicode char U+013E (decimal 318)
   defining Unicode char U+0141 (decimal 321)
   defining Unicode char U+0142 (decimal 322)
   defining Unicode char U+0143 (decimal 323)
   defining Unicode char U+0144 (decimal 324)
   defining Unicode char U+0147 (decimal 327)
   defining Unicode char U+0148 (decimal 328)
   defining Unicode char U+014A (decimal 330)
   defining Unicode char U+014B (decimal 331)
   defining Unicode char U+0150 (decimal 336)
   defining Unicode char U+0151 (decimal 337)
   defining Unicode char U+0152 (decimal 338)
   defining Unicode char U+0153 (decimal 339)
   defining Unicode char U+0154 (decimal 340)
   defining Unicode char U+0155 (decimal 341)
   defining Unicode char U+0158 (decimal 344)
   defining Unicode char U+0159 (decimal 345)
   defining Unicode char U+015A (decimal 346)
   defining Unicode char U+015B (decimal 347)
   defining Unicode char U+015E (decimal 350)
   defining Unicode char U+015F (decimal 351)
   defining Unicode char U+0160 (decimal 352)
   defining Unicode char U+0161 (decimal 353)
   defining Unicode char U+0162 (decimal 354)
   defining Unicode char U+0163 (decimal 355)
   defining Unicode char U+0164 (decimal 356)
   defining Unicode char U+0165 (decimal 357)
   defining Unicode char U+016E (decimal 366)
   defining Unicode char U+016F (decimal 367)
   defining Unicode char U+0170 (decimal 368)
   defining Unicode char U+0171 (decimal 369)
   defining Unicode char U+0178 (decimal 376)
   defining Unicode char U+0179 (decimal 377)
   defining Unicode char U+017A (decimal 378)
   defining Unicode char U+017B (decimal 379)
   defining Unicode char U+017C (decimal 380)
   defining Unicode char U+017D (decimal 381)
   defining Unicode char U+017E (decimal 382)
   defining Unicode char U+200C (decimal 8204)
   defining Unicode char U+2013 (decimal 8211)
   defining Unicode char U+2014 (decimal 8212)
   defining Unicode char U+2018 (decimal 8216)
   defining Unicode char U+2019 (decimal 8217)
   defining Unicode char U+201A (decimal 8218)
   defining Unicode char U+201C (decimal 8220)
   defining Unicode char U+201D (decimal 8221)
   defining Unicode char U+201E (decimal 8222)
   defining Unicode char U+2030 (decimal 8240)
   defining Unicode char U+2031 (decimal 8241)
   defining Unicode char U+2039 (decimal 8249)
   defining Unicode char U+203A (decimal 8250)
   defining Unicode char U+2423 (decimal 9251)
)
Now handling font encoding OT1 ...
... processing UTF-8 mapping file for font encoding OT1

(/usr/share/texmf-texlive/tex/latex/base/ot1enc.dfu
File: ot1enc.dfu 2008/04/05 v1.1m UTF-8 support for inputenc
   defining Unicode char U+00A1 (decimal 161)
   defining Unicode char U+00A3 (decimal 163)
   defining Unicode char U+00B8 (decimal 184)
   defining Unicode char U+00BF (decimal 191)
   defining Unicode char U+00C5 (decimal 197)
   defining Unicode char U+00C6 (decimal 198)
   defining Unicode char U+00D8 (decimal 216)
   defining Unicode char U+00DF (decimal 223)
   defining Unicode char U+00E6 (decimal 230)
   defining Unicode char U+00EC (decimal 236)
   defining Unicode char U+00ED (decimal 237)
   defining Unicode char U+00EE (decimal 238)
   defining Unicode char U+00EF (decimal 239)
   defining Unicode char U+00F8 (decimal 248)
   defining Unicode char U+0131 (decimal 305)
   defining Unicode char U+0141 (decimal 321)
   defining Unicode char U+0142 (decimal 322)
   defining Unicode char U+0152 (decimal 338)
   defining Unicode char U+0153 (decimal 339)
   defining Unicode char U+2013 (decimal 8211)
   defining Unicode char U+2014 (decimal 8212)
   defining Unicode char U+2018 (decimal 8216)
   defining Unicode char U+2019 (decimal 8217)
   defining Unicode char U+201C (decimal 8220)
   defining Unicode char U+201D (decimal 8221)
)
Now handling font encoding OMS ...
... processing UTF-8 mapping file for font encoding OMS

(/usr/share/texmf-texlive/tex/latex/base/omsenc.dfu
File: omsenc.dfu 2008/04/05 v1.1m UTF-8 support for inputenc
   defining Unicode char U+00A7 (decimal 167)
   defining Unicode char U+00B6 (decimal 182)
   defining Unicode char U+00B7 (decimal 183)
   defining Unicode char U+2020 (decimal 8224)
   defining Unicode char U+2021 (decimal 8225)
   defining Unicode char U+2022 (decimal 8226)
)
Now handling font encoding OMX ...
... no UTF-8 mapping file for font encoding OMX
Now handling font encoding U ...
... no UTF-8 mapping file for font encoding U
   defining Unicode char U+00A9 (decimal 169)
   defining Unicode char U+00AA (decimal 170)
   defining Unicode char U+00AE (decimal 174)
   defining Unicode char U+00BA (decimal 186)
   defining Unicode char U+02C6 (decimal 710)
   defining Unicode char U+02DC (decimal 732)
   defining Unicode char U+200C (decimal 8204)
   defining Unicode char U+2026 (decimal 8230)
   defining Unicode char U+2122 (decimal 8482)
   defining Unicode char U+2423 (decimal 9251)
))
   defining Unicode char U+00A0 (decimal 160)

(/usr/share/texmf-texlive/tex/latex/base/fontenc.sty
Package: fontenc 2005/09/27 v1.99g Standard LaTeX package

(/usr/share/texmf-texlive/tex/latex/base/t1enc.def
File: t1enc.def 2005/09/27 v1.99g Standard LaTeX file
LaTeX Font Info:    Redeclaring font encoding T1 on input line 43.
))
(/usr/share/texmf-texlive/tex/generic/babel/babel.sty
Package: babel 2008/07/06 v3.8l The Babel package

(/usr/share/texmf-texlive/tex/generic/babel/english.ldf
Language: english 2005/03/30 v3.3o English support from the babel system

(/usr/share/texmf-texlive/tex/generic/babel/babel.def
File: babel.def 2008/07/06 v3.8l Babel common definitions
\babel@savecnt=\count88
\U@D=\dimen103
)
\l@british = a dialect from \language\l@english 
\l@UKenglish = a dialect from \language\l@english 
\l@canadian = a dialect from \language\l@american 
\l@australian = a dialect from \language\l@british 
\l@newzealand = a dialect from \language\l@british 
))
(/usr/share/texmf-texlive/tex/latex/psnfss/times.sty
Package: times 2005/04/12 PSNFSS-v9.2a (SPQR) 
) (./fncychap.sty
Package: fncychap 2007/07/30 v1.34 LaTeX package (Revised chapters)
\RW=\skip43
\mylen=\skip44
\myhi=\skip45
\px=\skip46
\py=\skip47
\pyy=\skip48
\pxx=\skip49
\c@AlphaCnt=\count89
\c@AlphaDecCnt=\count90
)
(/usr/share/texmf-texlive/tex/latex/tools/longtable.sty
Package: longtable 2004/02/01 v4.11 Multi-page Table package (DPC)
\LTleft=\skip50
\LTright=\skip51
\LTpre=\skip52
\LTpost=\skip53
\LTchunksize=\count91
\LTcapwidth=\dimen104
\LT@head=\box26
\LT@firsthead=\box27
\LT@foot=\box28
\LT@lastfoot=\box29
\LT@cols=\count92
\LT@rows=\count93
\c@LT@tables=\count94
\c@LT@chunks=\count95
\LT@p@ftn=\toks16
) (./sphinx.sty
Package: sphinx 2010/01/15 LaTeX package (Sphinx markup)

(/usr/share/texmf-texlive/tex/latex/base/textcomp.sty
Package: textcomp 2005/09/27 v1.99g Standard LaTeX package
Package textcomp Info: Sub-encoding information:
(textcomp)               5 = only ISO-Adobe without \textcurrency
(textcomp)               4 = 5 + \texteuro
(textcomp)               3 = 4 + \textohm
(textcomp)               2 = 3 + \textestimated + \textcurrency
(textcomp)               1 = TS1 - \textcircled - \t
(textcomp)               0 = TS1 (full)
(textcomp)             Font families with sub-encoding setting implement
(textcomp)             only a restricted character set as indicated.
(textcomp)             Family '?' is the default used for unknown fonts.
(textcomp)             See the documentation for details.
Package textcomp Info: Setting ? sub-encoding to TS1/1 on input line 71.

(/usr/share/texmf-texlive/tex/latex/base/ts1enc.def
File: ts1enc.def 2001/06/05 v3.0e (jk/car/fm) Standard LaTeX file
Now handling font encoding TS1 ...
... processing UTF-8 mapping file for font encoding TS1

(/usr/share/texmf-texlive/tex/latex/base/ts1enc.dfu
File: ts1enc.dfu 2008/04/05 v1.1m UTF-8 support for inputenc
   defining Unicode char U+00A2 (decimal 162)
   defining Unicode char U+00A3 (decimal 163)
   defining Unicode char U+00A4 (decimal 164)
   defining Unicode char U+00A5 (decimal 165)
   defining Unicode char U+00A6 (decimal 166)
   defining Unicode char U+00A7 (decimal 167)
   defining Unicode char U+00A8 (decimal 168)
   defining Unicode char U+00A9 (decimal 169)
   defining Unicode char U+00AA (decimal 170)
   defining Unicode char U+00AC (decimal 172)
   defining Unicode char U+00AE (decimal 174)
   defining Unicode char U+00AF (decimal 175)
   defining Unicode char U+00B0 (decimal 176)
   defining Unicode char U+00B1 (decimal 177)
   defining Unicode char U+00B2 (decimal 178)
   defining Unicode char U+00B3 (decimal 179)
   defining Unicode char U+00B4 (decimal 180)
   defining Unicode char U+00B5 (decimal 181)
   defining Unicode char U+00B6 (decimal 182)
   defining Unicode char U+00B7 (decimal 183)
   defining Unicode char U+00B9 (decimal 185)
   defining Unicode char U+00BA (decimal 186)
   defining Unicode char U+00BC (decimal 188)
   defining Unicode char U+00BD (decimal 189)
   defining Unicode char U+00BE (decimal 190)
   defining Unicode char U+00D7 (decimal 215)
   defining Unicode char U+00F7 (decimal 247)
   defining Unicode char U+0192 (decimal 402)
   defining Unicode char U+02C7 (decimal 711)
   defining Unicode char U+02D8 (decimal 728)
   defining Unicode char U+02DD (decimal 733)
   defining Unicode char U+0E3F (decimal 3647)
   defining Unicode char U+2016 (decimal 8214)
   defining Unicode char U+2020 (decimal 8224)
   defining Unicode char U+2021 (decimal 8225)
   defining Unicode char U+2022 (decimal 8226)
   defining Unicode char U+2030 (decimal 8240)
   defining Unicode char U+2031 (decimal 8241)
   defining Unicode char U+203B (decimal 8251)
   defining Unicode char U+203D (decimal 8253)
   defining Unicode char U+2044 (decimal 8260)
   defining Unicode char U+204E (decimal 8270)
   defining Unicode char U+2052 (decimal 8274)
   defining Unicode char U+20A1 (decimal 8353)
   defining Unicode char U+20A4 (decimal 8356)
   defining Unicode char U+20A6 (decimal 8358)
   defining Unicode char U+20A9 (decimal 8361)
   defining Unicode char U+20AB (decimal 8363)
   defining Unicode char U+20AC (decimal 8364)
   defining Unicode char U+20B1 (decimal 8369)
   defining Unicode char U+2103 (decimal 8451)
   defining Unicode char U+2116 (decimal 8470)
   defining Unicode char U+2117 (decimal 8471)
   defining Unicode char U+211E (decimal 8478)
   defining Unicode char U+2120 (decimal 8480)
   defining Unicode char U+2122 (decimal 8482)
   defining Unicode char U+2126 (decimal 8486)
   defining Unicode char U+2127 (decimal 8487)
   defining Unicode char U+212E (decimal 8494)
   defining Unicode char U+2190 (decimal 8592)
   defining Unicode char U+2191 (decimal 8593)
   defining Unicode char U+2192 (decimal 8594)
   defining Unicode char U+2193 (decimal 8595)
   defining Unicode char U+2329 (decimal 9001)
   defining Unicode char U+232A (decimal 9002)
   defining Unicode char U+2422 (decimal 9250)
   defining Unicode char U+25E6 (decimal 9702)
   defining Unicode char U+25EF (decimal 9711)
   defining Unicode char U+266A (decimal 9834)
))
LaTeX Info: Redefining \oldstylenums on input line 266.
Package textcomp Info: Setting cmr sub-encoding to TS1/0 on input line 281.
Package textcomp Info: Setting cmss sub-encoding to TS1/0 on input line 282.
Package textcomp Info: Setting cmtt sub-encoding to TS1/0 on input line 283.
Package textcomp Info: Setting cmvtt sub-encoding to TS1/0 on input line 284.
Package textcomp Info: Setting cmbr sub-encoding to TS1/0 on input line 285.
Package textcomp Info: Setting cmtl sub-encoding to TS1/0 on input line 286.
Package textcomp Info: Setting ccr sub-encoding to TS1/0 on input line 287.
Package textcomp Info: Setting ptm sub-encoding to TS1/4 on input line 288.
Package textcomp Info: Setting pcr sub-encoding to TS1/4 on input line 289.
Package textcomp Info: Setting phv sub-encoding to TS1/4 on input line 290.
Package textcomp Info: Setting ppl sub-encoding to TS1/3 on input line 291.
Package textcomp Info: Setting pag sub-encoding to TS1/4 on input line 292.
Package textcomp Info: Setting pbk sub-encoding to TS1/4 on input line 293.
Package textcomp Info: Setting pnc sub-encoding to TS1/4 on input line 294.
Package textcomp Info: Setting pzc sub-encoding to TS1/4 on input line 295.
Package textcomp Info: Setting bch sub-encoding to TS1/4 on input line 296.
Package textcomp Info: Setting put sub-encoding to TS1/5 on input line 297.
Package textcomp Info: Setting uag sub-encoding to TS1/5 on input line 298.
Package textcomp Info: Setting ugq sub-encoding to TS1/5 on input line 299.
Package textcomp Info: Setting ul8 sub-encoding to TS1/4 on input line 300.
Package textcomp Info: Setting ul9 sub-encoding to TS1/4 on input line 301.
Package textcomp Info: Setting augie sub-encoding to TS1/5 on input line 302.
Package textcomp Info: Setting dayrom sub-encoding to TS1/3 on input line 303.
Package textcomp Info: Setting dayroms sub-encoding to TS1/3 on input line 304.

Package textcomp Info: Setting pxr sub-encoding to TS1/0 on input line 305.
Package textcomp Info: Setting pxss sub-encoding to TS1/0 on input line 306.
Package textcomp Info: Setting pxtt sub-encoding to TS1/0 on input line 307.
Package textcomp Info: Setting txr sub-encoding to TS1/0 on input line 308.
Package textcomp Info: Setting txss sub-encoding to TS1/0 on input line 309.
Package textcomp Info: Setting txtt sub-encoding to TS1/0 on input line 310.
Package textcomp Info: Setting futs sub-encoding to TS1/4 on input line 311.
Package textcomp Info: Setting futx sub-encoding to TS1/4 on input line 312.
Package textcomp Info: Setting futj sub-encoding to TS1/4 on input line 313.
Package textcomp Info: Setting hlh sub-encoding to TS1/3 on input line 314.
Package textcomp Info: Setting hls sub-encoding to TS1/3 on input line 315.
Package textcomp Info: Setting hlst sub-encoding to TS1/3 on input line 316.
Package textcomp Info: Setting hlct sub-encoding to TS1/5 on input line 317.
Package textcomp Info: Setting hlx sub-encoding to TS1/5 on input line 318.
Package textcomp Info: Setting hlce sub-encoding to TS1/5 on input line 319.
Package textcomp Info: Setting hlcn sub-encoding to TS1/5 on input line 320.
Package textcomp Info: Setting hlcw sub-encoding to TS1/5 on input line 321.
Package textcomp Info: Setting hlcf sub-encoding to TS1/5 on input line 322.
Package textcomp Info: Setting pplx sub-encoding to TS1/3 on input line 323.
Package textcomp Info: Setting pplj sub-encoding to TS1/3 on input line 324.
Package textcomp Info: Setting ptmx sub-encoding to TS1/4 on input line 325.
Package textcomp Info: Setting ptmj sub-encoding to TS1/4 on input line 326.
)
(/usr/share/texmf-texlive/tex/latex/fancyhdr/fancyhdr.sty
\fancy@headwidth=\skip54
\f@ncyO@elh=\skip55
\f@ncyO@erh=\skip56
\f@ncyO@olh=\skip57
\f@ncyO@orh=\skip58
\f@ncyO@elf=\skip59
\f@ncyO@erf=\skip60
\f@ncyO@olf=\skip61
\f@ncyO@orf=\skip62
)
(/usr/share/texmf-texlive/tex/latex/fancybox/fancybox.sty
Package: fancybox 2000/09/19 1.3

Style option: `fancybox' v1.3 <2000/09/19> (tvz)
\@fancybox=\box30
\shadowsize=\dimen105
\@Sbox=\box31
\do@VerbBox=\toks17
\the@fancyput=\toks18
\this@fancyput=\toks19
\EndVerbatimTokens=\toks20
\Verbatim@Outfile=\write3
\Verbatim@Infile=\read1
) (/usr/share/texmf-texlive/tex/latex/titlesec/titlesec.sty
Package: titlesec 2007/08/12 v2.8 Sectioning titles
\ttl@box=\box32
\beforetitleunit=\skip63
\aftertitleunit=\skip64
\ttl@plus=\dimen106
\ttl@minus=\dimen107
\ttl@toksa=\toks21
\titlewidth=\dimen108
\titlewidthlast=\dimen109
\titlewidthfirst=\dimen110
) (./tabulary.sty
Package: tabulary 2007/10/02 v0.9 tabulary package (DPC)

(/usr/share/texmf-texlive/tex/latex/tools/array.sty
Package: array 2008/09/09 v2.4c Tabular extension package (FMi)
\col@sep=\dimen111
\extrarowheight=\dimen112
\NC@list=\toks22
\extratabsurround=\skip65
\backup@length=\skip66
)
\TY@count=\count96
\TY@linewidth=\dimen113
\tymin=\dimen114
\tymax=\dimen115
\TY@tablewidth=\dimen116
)
(/usr/share/texmf-texlive/tex/latex/amsmath/amsmath.sty
Package: amsmath 2000/07/18 v2.13 AMS math features
\@mathmargin=\skip67

For additional information on amsmath, use the `?' option.
(/usr/share/texmf-texlive/tex/latex/amsmath/amstext.sty
Package: amstext 2000/06/29 v2.01

(/usr/share/texmf-texlive/tex/latex/amsmath/amsgen.sty
File: amsgen.sty 1999/11/30 v2.0
\@emptytoks=\toks23
\ex@=\dimen117
))
(/usr/share/texmf-texlive/tex/latex/amsmath/amsbsy.sty
Package: amsbsy 1999/11/29 v1.2d
\pmbraise@=\dimen118
)
(/usr/share/texmf-texlive/tex/latex/amsmath/amsopn.sty
Package: amsopn 1999/12/14 v2.01 operator names
)
\inf@bad=\count97
LaTeX Info: Redefining \frac on input line 211.
\uproot@=\count98
\leftroot@=\count99
LaTeX Info: Redefining \overline on input line 307.
\classnum@=\count100
\DOTSCASE@=\count101
LaTeX Info: Redefining \ldots on input line 379.
LaTeX Info: Redefining \dots on input line 382.
LaTeX Info: Redefining \cdots on input line 467.
\Mathstrutbox@=\box33
\strutbox@=\box34
\big@size=\dimen119
LaTeX Font Info:    Redeclaring font encoding OML on input line 567.
LaTeX Font Info:    Redeclaring font encoding OMS on input line 568.
\macc@depth=\count102
\c@MaxMatrixCols=\count103
\dotsspace@=\muskip10
\c@parentequation=\count104
\dspbrk@lvl=\count105
\tag@help=\toks24
\row@=\count106
\column@=\count107
\maxfields@=\count108
\andhelp@=\toks25
\eqnshift@=\dimen120
\alignsep@=\dimen121
\tagshift@=\dimen122
\tagwidth@=\dimen123
\totwidth@=\dimen124
\lineht@=\dimen125
\@envbody=\toks26
\multlinegap=\skip68
\multlinetaggap=\skip69
\mathdisplay@stack=\toks27
LaTeX Info: Redefining \[ on input line 2666.
LaTeX Info: Redefining \] on input line 2667.
)
(/usr/share/texmf-texlive/tex/latex/base/makeidx.sty
Package: makeidx 2000/03/29 v1.0m Standard LaTeX package
)
(/usr/share/texmf-texlive/tex/latex/ltxmisc/framed.sty
Package: framed 2007/10/04 v 0.95: framed or shaded text with page breaks
\fb@frw=\dimen126
\fb@frh=\dimen127
\FrameRule=\dimen128
\FrameSep=\dimen129
)
(/usr/share/texmf-texlive/tex/latex/base/ifthen.sty
Package: ifthen 2001/05/26 v1.1c Standard LaTeX ifthen package (DPC)
)
(/usr/share/texmf-texlive/tex/latex/graphics/color.sty
Package: color 2005/11/14 v1.0j Standard LaTeX Color (DPC)

(/etc/texmf/tex/latex/config/color.cfg
File: color.cfg 2007/01/18 v1.5 color configuration of teTeX/TeXLive
)
Package color Info: Driver file: pdftex.def on input line 130.

(/usr/share/texmf-texlive/tex/latex/pdftex-def/pdftex.def
File: pdftex.def 2010/03/12 v0.04p Graphics/color for pdfTeX
\Gread@gobject=\count109
))
(/usr/share/texmf-texlive/tex/latex/fancyvrb/fancyvrb.sty
Package: fancyvrb 2008/02/07

Style option: `fancyvrb' v2.7a, with DG/SPQR fixes, and firstline=lastline fix 
<2008/02/07> (tvz) (/usr/share/texmf-texlive/tex/latex/graphics/keyval.sty
Package: keyval 1999/03/16 v1.13 key=value parser (DPC)
\KV@toks@=\toks28
)
\FV@CodeLineNo=\count110
\FV@InFile=\read2
\FV@TabBox=\box35
\c@FancyVerbLine=\count111
\FV@StepNumber=\count112
\FV@OutFile=\write4
)
(/usr/share/texmf-texlive/tex/latex/ltxmisc/threeparttable.sty
Package: threeparttable 2003/06/13  v 3.0
\@tempboxb=\box36
)
(/usr/share/texmf-texlive/tex/latex/mdwtools/footnote.sty
Package: footnote 1997/01/28 1.13 Save footnotes around boxes
\fn@notes=\box37
\fn@width=\dimen130
)
(/usr/share/texmf-texlive/tex/latex/wrapfig/wrapfig.sty
\wrapoverhang=\dimen131
\WF@size=\dimen132
\c@WF@wrappedlines=\count113
\WF@box=\box38
\WF@everypar=\toks29
Package: wrapfig 2003/01/31  v 3.6
)
(/usr/share/texmf-texlive/tex/latex/ltxmisc/parskip.sty
Package: parskip 2001/04/09 non-zero parskip adjustments
)
(/usr/share/texmf-texlive/tex/latex/graphics/graphicx.sty
Package: graphicx 1999/02/16 v1.0f Enhanced LaTeX Graphics (DPC,SPQR)

(/usr/share/texmf-texlive/tex/latex/graphics/graphics.sty
Package: graphics 2009/02/05 v1.0o Standard LaTeX Graphics (DPC,SPQR)

(/usr/share/texmf-texlive/tex/latex/graphics/trig.sty
Package: trig 1999/03/16 v1.09 sin cos tan (DPC)
)
(/etc/texmf/tex/latex/config/graphics.cfg
File: graphics.cfg 2009/08/28 v1.8 graphics configuration of TeX Live
)
Package graphics Info: Driver file: pdftex.def on input line 91.
)
\Gin@req@height=\dimen133
\Gin@req@width=\dimen134
)
(/usr/share/texmf-texlive/tex/plain/misc/pdfcolor.tex)
\distancetoright=\skip70
\leftsidespace=\skip71
\py@argswidth=\skip72
\py@noticelength=\skip73
\lineblockindentation=\skip74
\image@box=\box39
\image@width=\dimen135

(/usr/share/texmf-texlive/tex/latex/hyperref/hyperref.sty
Package: hyperref 2009/10/09 v6.79a Hypertext links for LaTeX

(/usr/share/texmf-texlive/tex/generic/oberdiek/ifpdf.sty
Package: ifpdf 2009/04/10 v2.0 Provides the ifpdf switch (HO)
Package ifpdf Info: pdfTeX in pdf mode detected.
)
(/usr/share/texmf-texlive/tex/generic/oberdiek/ifvtex.sty
Package: ifvtex 2008/11/04 v1.4 Switches for detecting VTeX and its modes (HO)
Package ifvtex Info: VTeX not detected.
)
(/usr/share/texmf-texlive/tex/generic/ifxetex/ifxetex.sty
Package: ifxetex 2009/01/23 v0.5 Provides ifxetex conditional
)
(/usr/share/texmf-texlive/tex/latex/oberdiek/hycolor.sty
Package: hycolor 2009/10/02 v1.5 Code for color options of hyperref/bookmark (H
O)

(/usr/share/texmf-texlive/tex/latex/oberdiek/xcolor-patch.sty
Package: xcolor-patch 2009/10/02 xcolor patch
))
\@linkdim=\dimen136
\Hy@linkcounter=\count114
\Hy@pagecounter=\count115

(/usr/share/texmf-texlive/tex/latex/hyperref/pd1enc.def
File: pd1enc.def 2009/10/09 v6.79a Hyperref: PDFDocEncoding definition (HO)
Now handling font encoding PD1 ...
... no UTF-8 mapping file for font encoding PD1
)
(/usr/share/texmf-texlive/tex/generic/oberdiek/etexcmds.sty
Package: etexcmds 2007/12/12 v1.2 Prefix for e-TeX command names (HO)

(/usr/share/texmf-texlive/tex/generic/oberdiek/infwarerr.sty
Package: infwarerr 2007/09/09 v1.2 Providing info/warning/message (HO)
)
Package etexcmds Info: Could not find \expanded.
(etexcmds)             That can mean that you are not using pdfTeX 1.50 or
(etexcmds)             that some package has redefined \expanded.
(etexcmds)             In the latter case, load this package earlier.
)
(/etc/texmf/tex/latex/config/hyperref.cfg
File: hyperref.cfg 2002/06/06 v1.2 hyperref configuration of TeXLive
)
(/usr/share/texmf-texlive/tex/latex/oberdiek/kvoptions.sty
Package: kvoptions 2009/08/13 v3.4 Keyval support for LaTeX options (HO)

(/usr/share/texmf-texlive/tex/generic/oberdiek/kvsetkeys.sty
Package: kvsetkeys 2009/07/30 v1.5 Key value parser with default handler suppor
t (HO)
))
Package hyperref Info: Option `colorlinks' set `true' on input line 2864.
Package hyperref Info: Option `breaklinks' set `true' on input line 2864.
Package hyperref Info: Hyper figures OFF on input line 2975.
Package hyperref Info: Link nesting OFF on input line 2980.
Package hyperref Info: Hyper index ON on input line 2983.
Package hyperref Info: Plain pages OFF on input line 2990.
Package hyperref Info: Backreferencing OFF on input line 2995.

Implicit mode ON; LaTeX internals redefined
Package hyperref Info: Bookmarks ON on input line 3191.
(/usr/share/texmf-texlive/tex/latex/ltxmisc/url.sty
\Urlmuskip=\muskip11
Package: url 2006/04/12  ver 3.3  Verb mode for urls, etc.
)
LaTeX Info: Redefining \url on input line 3428.

(/usr/share/texmf-texlive/tex/generic/oberdiek/bitset.sty
Package: bitset 2007/09/28 v1.0 Data type bit set (HO)

(/usr/share/texmf-texlive/tex/generic/oberdiek/intcalc.sty
Package: intcalc 2007/09/27 v1.1 Expandable integer calculations (HO)
)
(/usr/share/texmf-texlive/tex/generic/oberdiek/bigintcalc.sty
Package: bigintcalc 2007/11/11 v1.1 Expandable big integer calculations (HO)

(/usr/share/texmf-texlive/tex/generic/oberdiek/pdftexcmds.sty
Package: pdftexcmds 2009/09/23 v0.6 LuaTeX support for pdfTeX utility functions
 (HO)

(/usr/share/texmf-texlive/tex/generic/oberdiek/ifluatex.sty
Package: ifluatex 2009/04/17 v1.2 Provides the ifluatex switch (HO)
Package ifluatex Info: LuaTeX not detected.
)
(/usr/share/texmf-texlive/tex/generic/oberdiek/ltxcmds.sty
Package: ltxcmds 2009/08/05 v1.0 Some LaTeX kernel commands for general use (HO
)
)
Package pdftexcmds Info: LuaTeX not detected.
Package pdftexcmds Info: \pdf@primitive is available.
Package pdftexcmds Info: \pdf@ifprimitive is available.
)))
\Fld@menulength=\count116
\Field@Width=\dimen137
\Fld@charsize=\dimen138
\Field@toks=\toks30
Package hyperref Info: Hyper figures OFF on input line 4377.
Package hyperref Info: Link nesting OFF on input line 4382.
Package hyperref Info: Hyper index ON on input line 4385.
Package hyperref Info: backreferencing OFF on input line 4392.
Package hyperref Info: Link coloring ON on input line 4395.
Package hyperref Info: Link coloring with OCG OFF on input line 4402.
Package hyperref Info: PDF/A mode OFF on input line 4407.

(/usr/share/texmf-texlive/tex/generic/oberdiek/atbegshi.sty
Package: atbegshi 2008/07/31 v1.9 At begin shipout hook (HO)
)
\Hy@abspage=\count117
\c@Item=\count118
\c@Hfootnote=\count119
)
*hyperref using default driver hpdftex*
(/usr/share/texmf-texlive/tex/latex/hyperref/hpdftex.def
File: hpdftex.def 2009/10/09 v6.79a Hyperref driver for pdfTeX
\Fld@listcount=\count120
)
(/usr/share/texmf-texlive/tex/latex/oberdiek/hypcap.sty
Package: hypcap 2008/09/08 v1.10 Adjusting anchors of captions (HO)
)
\DUlineblockindent=\skip75
)
\@indexfile=\write5
\openout5 = `nipype.idx'.


Writing index file nipype.idx
No file nipype.aux.
\openout1 = `nipype.aux'.

LaTeX Font Info:    Checking defaults for OML/cmm/m/it on input line 105.
LaTeX Font Info:    ... okay on input line 105.
LaTeX Font Info:    Checking defaults for T1/cmr/m/n on input line 105.
LaTeX Font Info:    ... okay on input line 105.
LaTeX Font Info:    Checking defaults for OT1/cmr/m/n on input line 105.
LaTeX Font Info:    ... okay on input line 105.
LaTeX Font Info:    Checking defaults for OMS/cmsy/m/n on input line 105.
LaTeX Font Info:    ... okay on input line 105.
LaTeX Font Info:    Checking defaults for OMX/cmex/m/n on input line 105.
LaTeX Font Info:    ... okay on input line 105.
LaTeX Font Info:    Checking defaults for U/cmr/m/n on input line 105.
LaTeX Font Info:    ... okay on input line 105.
LaTeX Font Info:    Checking defaults for TS1/cmr/m/n on input line 105.
LaTeX Font Info:    Try loading font information for TS1+cmr on input line 105.

(/usr/share/texmf-texlive/tex/latex/base/ts1cmr.fd
File: ts1cmr.fd 1999/05/25 v2.5h Standard LaTeX font definitions
)
LaTeX Font Info:    ... okay on input line 105.
LaTeX Font Info:    Checking defaults for PD1/pdf/m/n on input line 105.
LaTeX Font Info:    ... okay on input line 105.
LaTeX Font Info:    Try loading font information for T1+ptm on input line 105.

(/usr/share/texmf-texlive/tex/latex/psnfss/t1ptm.fd
File: t1ptm.fd 2001/06/04 font definitions for T1/ptm.
)
(/usr/share/texmf/tex/context/base/supp-pdf.mkii
[Loading MPS to PDF converter (version 2006.09.02).]
\scratchcounter=\count121
\scratchdimen=\dimen139
\scratchbox=\box40
\nofMPsegments=\count122
\nofMParguments=\count123
\everyMPshowfont=\toks31
\MPscratchCnt=\count124
\MPscratchDim=\dimen140
\MPnumerator=\count125
\everyMPtoPDFconversion=\toks32
)
Package hyperref Info: Link coloring ON on input line 105.
 (/usr/share/texmf-texlive/tex/latex/hyperref/nameref.sty
Package: nameref 2007/05/29 v2.31 Cross-referencing by name of section

(/usr/share/texmf-texlive/tex/latex/oberdiek/refcount.sty
Package: refcount 2008/08/11 v3.1 Data extraction from references (HO)
)
\c@section@level=\count126
)
LaTeX Info: Redefining \ref on input line 105.
LaTeX Info: Redefining \pageref on input line 105.
\@outlinefile=\write6
\openout6 = `nipype.out'.

\AtBeginShipoutBox=\box41

Underfull \hbox (badness 10000) in paragraph at lines 108--108

 []

LaTeX Font Info:    Try loading font information for T1+phv on input line 108.
(/usr/share/texmf-texlive/tex/latex/psnfss/t1phv.fd
File: t1phv.fd 2001/06/04 scalable font definitions for T1/phv.
)
LaTeX Font Info:    Font shape `T1/phv/bx/n' in size <24.88> not available
(Font)              Font shape `T1/phv/b/n' tried instead on input line 108.
LaTeX Font Info:    Font shape `T1/phv/m/it' in size <17.28> not available
(Font)              Font shape `T1/phv/m/sl' tried instead on input line 108.
LaTeX Font Info:    Font shape `T1/phv/bx/it' in size <17.28> not available
(Font)              Font shape `T1/phv/b/it' tried instead on input line 108.
LaTeX Font Info:    Font shape `T1/phv/b/it' in size <17.28> not available
(Font)              Font shape `T1/phv/b/sl' tried instead on input line 108.
LaTeX Font Info:    Font shape `T1/phv/bx/n' in size <17.28> not available
(Font)              Font shape `T1/phv/b/n' tried instead on input line 108.
 [1

{/var/lib/texmf/fonts/map/pdftex/updmap/pdftex.map}] [2

]
\tf@toc=\write7
\openout7 = `nipype.toc'.


Adding blank page after the table of contents.
LaTeX Font Info:    Font shape `T1/phv/bx/n' in size <10> not available
(Font)              Font shape `T1/phv/b/n' tried instead on input line 108.
pdfTeX warning (ext4): destination with the same identifier (name{page.i}) has 
been already used, duplicate ignored
<to be read again> 
                   \relax 
l.108 \tableofcontents
                       [1

]pdfTeX warning (ext4): destination with the same identifier (name{page.ii}) ha
s been already used, duplicate ignored
<to be read again> 
                   \relax 
l.108 \tableofcontents
                       [2] [1

] [2

]
Chapter 1.
LaTeX Font Info:    Font shape `T1/phv/bx/n' in size <14.4> not available
(Font)              Font shape `T1/phv/b/n' tried instead on input line 117.
LaTeX Font Info:    Font shape `T1/ptm/bx/n' in size <10> not available
(Font)              Font shape `T1/ptm/b/n' tried instead on input line 119.
LaTeX Font Info:    Font shape `T1/phv/bx/n' in size <12> not available
(Font)              Font shape `T1/phv/b/n' tried instead on input line 135.
LaTeX Font Info:    Try loading font information for TS1+ptm on input line 171.

(/usr/share/texmf-texlive/tex/latex/psnfss/ts1ptm.fd
File: ts1ptm.fd 2001/06/04 font definitions for TS1/ptm.
) [3]
LaTeX Font Info:    Try loading font information for T1+pcr on input line 236.

(/usr/share/texmf-texlive/tex/latex/psnfss/t1pcr.fd
File: t1pcr.fd 2001/06/04 font definitions for T1/pcr.
) [4]
LaTeX Font Info:    Font shape `T1/ptm/bx/it' in size <10> not available
(Font)              Font shape `T1/ptm/b/it' tried instead on input line 322.
 [5]
LaTeX Font Info:    Font shape `T1/pcr/bx/n' in size <9> not available
(Font)              Font shape `T1/pcr/b/n' tried instead on input line 425.
 [6] [7] [8]
LaTeX Font Info:    Font shape `T1/pcr/m/it' in size <9> not available
(Font)              Font shape `T1/pcr/m/sl' tried instead on input line 635.

[9] <componentarchitecture.png, id=124, 708.7278pt x 338.7054pt>
File: componentarchitecture.png Graphic file (type png)

<use componentarchitecture.png>
File: componentarchitecture.png Graphic file (type png)
 <use componentarchitecture.png>
LaTeX Font Info:    Font shape `T1/phv/bx/n' in size <9> not available
(Font)              Font shape `T1/phv/b/n' tried instead on input line 666.


LaTeX Warning: Hyper reference `users/interface_tutorial:interface-tutorial' on
 page 10 undefined on input line 684.

[10 <./componentarchitecture.png (PNG copy)>]
<smoothrealignunconnected.png, id=134, 468.75125pt x 61.22874pt>
File: smoothrealignunconnected.png Graphic file (type png)

<use smoothrealignunconnected.png>
File: smoothrealignunconnected.png Graphic file (type png)
 <use smoothrealignunconnected.png>
<smoothrealignconnected.png, id=136, 446.66875pt x 181.67876pt>
File: smoothrealignconnected.png Graphic file (type png)

<use smoothrealignconnected.png>
File: smoothrealignconnected.png Graphic file (type png)
 <use smoothrealignconnected.png> [11 <./smoothrealignunconnected.png>]
<threecomponentpipe.png, id=144, 756.8275pt x 240.9pt>
File: threecomponentpipe.png Graphic file (type png)

<use threecomponentpipe.png>
File: threecomponentpipe.png Graphic file (type png)
 <use threecomponentpipe.png> [12 <./smoothrealignconnected.png>] [13 <./threec
omponentpipe.png>]
<proc2subj.png, id=158, 971.63pt x 251.94125pt>
File: proc2subj.png Graphic file (type png)
 <use proc2subj.png>
File: proc2subj.png Graphic file (type png)

<use proc2subj.png> <proc2subj2fwhm.png, id=159, 1557.82pt x 251.94125pt>
File: proc2subj2fwhm.png Graphic file (type png)

<use proc2subj2fwhm.png>
File: proc2subj2fwhm.png Graphic file (type png)
 <use proc2subj2fwhm.png> [14 <./proc2subj.png> <./proc2subj2fwhm.png>]
! FancyVerb Error:
  Empty verbatim environment
.
\FV@Error ... {FancyVerb Error:
\space \space #1
}
                                                  
l.997 \end{Verbatim}
                    
? 
! Interruption.
\FV@ListProcessLastLine ...verbatim environment}{}
                                                  \FV@ProcessLine {}\fi \fi ...
l.997 \end{Verbatim}
                    
? 
[15]

LaTeX Warning: Hyper reference `users/parallel_processing:parallel-processing' 
on page 16 undefined on input line 1043.

[16]

pdfTeX warning: pdflatex (file ./graphviz-5c392fbfe6945536aaf27147c442c2417c054
fd6.pdf): PDF inclusion: found PDF version <1.5>, but at most version <1.4> all
owed

<graphviz-5c392fbfe6945536aaf27147c442c2417c054fd6.pdf, id=194, 134.5025pt x 26
6.9975pt>
File: graphviz-5c392fbfe6945536aaf27147c442c2417c054fd6.pdf Graphic file (type 
pdf)
 <use graphviz-5c392fbfe6945536aaf27147c442c2417c054fd6.pdf>
File: graphviz-5c392fbfe6945536aaf27147c442c2417c054fd6.pdf Graphic file (type 
pdf)

<use graphviz-5c392fbfe6945536aaf27147c442c2417c054fd6.pdf>

pdfTeX warning: pdflatex (file ./graphviz-e42edebeac5ad696b556be3cdfb89dfd6f509
1f9.pdf): PDF inclusion: found PDF version <1.5>, but at most version <1.4> all
owed

<graphviz-e42edebeac5ad696b556be3cdfb89dfd6f5091f9.pdf, id=196, 351.3125pt x 26
6.9975pt>
File: graphviz-e42edebeac5ad696b556be3cdfb89dfd6f5091f9.pdf Graphic file (type 
pdf)
 <use graphviz-e42edebeac5ad696b556be3cdfb89dfd6f5091f9.pdf>
File: graphviz-e42edebeac5ad696b556be3cdfb89dfd6f5091f9.pdf Graphic file (type 
pdf)

<use graphviz-e42edebeac5ad696b556be3cdfb89dfd6f5091f9.pdf> [17 <./graphviz-5c3
92fbfe6945536aaf27147c442c2417c054fd6.pdf>] [18 <./graphviz-e42edebeac5ad696b55
6be3cdfb89dfd6f5091f9.pdf>]

pdfTeX warning: pdflatex (file ./graphviz-0ba86da8c92761a1ca59f55ee0fe0de1c9980
ddf.pdf): PDF inclusion: found PDF version <1.5>, but at most version <1.4> all
owed

<graphviz-0ba86da8c92761a1ca59f55ee0fe0de1c9980ddf.pdf, id=224, 134.5025pt x 26
6.9975pt>
File: graphviz-0ba86da8c92761a1ca59f55ee0fe0de1c9980ddf.pdf Graphic file (type 
pdf)
 <use graphviz-0ba86da8c92761a1ca59f55ee0fe0de1c9980ddf.pdf>
File: graphviz-0ba86da8c92761a1ca59f55ee0fe0de1c9980ddf.pdf Graphic file (type 
pdf)

<use graphviz-0ba86da8c92761a1ca59f55ee0fe0de1c9980ddf.pdf>

pdfTeX warning: pdflatex (file ./graphviz-42dc9d4bfbce5f7627baf955d6fd4ef8864b3
686.pdf): PDF inclusion: found PDF version <1.5>, but at most version <1.4> all
owed

<graphviz-42dc9d4bfbce5f7627baf955d6fd4ef8864b3686.pdf, id=226, 279.0425pt x 26
6.9975pt>
File: graphviz-42dc9d4bfbce5f7627baf955d6fd4ef8864b3686.pdf Graphic file (type 
pdf)
 <use graphviz-42dc9d4bfbce5f7627baf955d6fd4ef8864b3686.pdf>
File: graphviz-42dc9d4bfbce5f7627baf955d6fd4ef8864b3686.pdf Graphic file (type 
pdf)

<use graphviz-42dc9d4bfbce5f7627baf955d6fd4ef8864b3686.pdf> [19 <./graphviz-0ba
86da8c92761a1ca59f55ee0fe0de1c9980ddf.pdf>]

LaTeX Warning: Hyper reference `users/examples/spm_tutorial::doc' on page 20 un
defined on input line 1242.


Underfull \hbox (badness 10000) in paragraph at lines 1257--1259
[]\T1/ptm/m/n/10 We per-form this anal-y-sis us-ing the FSL course data, which 
can be ac-quired from here:
 []

[20 <./graphviz-42dc9d4bfbce5f7627baf955d6fd4ef8864b3686.pdf>] [21] [22]
[23]
Underfull \hbox (badness 10000) in paragraph at lines 1555--1556
[]\T1/ptm/m/n/10 You can choose the for-mat of the ex-perted graph with the \T1
/pcr/m/n/10 format \T1/ptm/m/n/10 op-tion. For ex-am-ple
 []

[24]
Underfull \hbox (badness 10000) in paragraph at lines 1592--1596
[]\T1/ptm/m/n/10 Along with Camino ([][]http://web4.cs.ucl.ac.uk/research/medic
/camino/pmwiki/pmwiki.php?n=Main.HomePage[][]),
 []


Underfull \hbox (badness 10000) in paragraph at lines 1592--1596
\T1/ptm/m/n/10 Camino-Trackvis ([][]http://www.nitrc.org/projects/camino-trackv
is/[][]), FSL ([][]http://www.fmrib.ox.ac.uk/fsl/[][]), and
 []

[25]
Overfull \hbox (20.89035pt too wide) in paragraph at lines 1691--1693
[]\T1/ptm/m/n/10 This needs to point to the fdt folder you can find af-ter ex-t
ract-ing [][]http://www.fmrib.ox.ac.uk/fslcourse/fsl_course_data2.tar.gz[][] 
 []

[26] [27] [28] [29] [30] [31] [32]
Underfull \hbox (badness 10000) in paragraph at lines 2201--2202
[]\T1/ptm/m/n/10 The full source code of this ex-am-ple is in-cluded in the Nip
ype source dis-tri-bu-tion (\T1/ptm/m/it/10 ../ex-am-
 []

[33]
Underfull \vbox (badness 10000) detected at line 2290
 []


Underfull \vbox (badness 10000) detected at line 2290
 []

[34]
Underfull \hbox (badness 7326) in paragraph at lines 2292--2294
[]\T1/ptm/m/n/10 You can read about all of the in-ter-faces im-ple-mented in ni
pype at our on-line doc-u-men-ta-tion at
 []

[35] [36] [37]
Underfull \hbox (badness 10000) in paragraph at lines 2499--2500
[]\T1/ptm/m/n/10 The full source code of this ex-am-ple is in-cluded in the Nip
ype source dis-tri-bu-tion (\T1/ptm/m/it/10 ../ex-am-
 []

[38] [39] [40] [41] [42] [43] [44] [45] [46] [47] [48] [49] [50] [51] [52]
[53] [54] [55] [56] [57] [58] [59] [60] [61] [62] [63] [64] [65] [66] [67]
[68] [69] [70] [71] [72] [73] [74]
Underfull \hbox (badness 10000) in paragraph at lines 5344--5346
[]\T1/ptm/m/n/10 The spm_auditory_tutorial.py recre-ates the clas-si-cal work-f
low de-scribed in the SPM8 man-ual
 []


Underfull \hbox (badness 10000) in paragraph at lines 5344--5346
\T1/ptm/m/n/10 ([][]http://www.fil.ion.ucl.ac.uk/spm/doc/manual.pdf[][]) us-ing
 au-di-tory dataset that can be down-loaded from
 []

[75] [76] [77] [78] [79]
Underfull \hbox (badness 10000) in paragraph at lines 5749--5750
[]\T1/ptm/m/n/10 The full source code of this ex-am-ple is in-cluded in the Nip
ype source dis-tri-bu-tion (\T1/ptm/m/it/10 ../ex-am-
 []


Underfull \hbox (badness 10000) in paragraph at lines 5759--5761
[]\T1/ptm/m/n/10 The spm_face_tutorial.py recre-ates the clas-si-cal work-flow 
de-scribed in the SPM8 man-ual
 []


Underfull \hbox (badness 10000) in paragraph at lines 5759--5761
\T1/ptm/m/n/10 ([][]http://www.fil.ion.ucl.ac.uk/spm/doc/manual.pdf[][]) us-ing
 au-di-tory dataset that can be down-loaded from
 []

[80] [81] [82] [83]
Overfull \hbox (31.15964pt too wide) in paragraph at lines 6037--6039
[]\T1/ptm/m/n/10 We're im-port-ing the on-set times from a mat file (found on [
][]http://www.fil.ion.ucl.ac.uk/spm/data/face_rep/face_rep_SPM5.html[][] 
 []

[84] [85] [86] [87] [88] [89] [90] [91] [92] [93] [94] [95] [96] [97] [98]
[99] [100] [101] [102]
Chapter 2.
LaTeX Font Info:    Font shape `T1/pcr/bx/n' in size <12> not available
(Font)              Font shape `T1/pcr/b/n' tried instead on input line 7518.
[103

] [104] [105] [106] [107] [108] [109] [110] [111] [112] [113] [114]
Overfull \hbox (100.00923pt too wide) in paragraph at lines 8328--8328
[]
 []


Underfull \hbox (badness 10000) in paragraph at lines 8328--8328

 []

[115] [116] [117] [118] [119] [120] [121] [122] [123] [124] [125] [126]
[127] [128] [129] [130] [131] [132] [133] [134] [135] [136] [137] [138]
[139] [140]
Underfull \vbox (badness 3623) detected at line 10068
 []

[141] [142] [143] [144] [145]
Underfull \vbox (badness 10000) detected at line 10387
 []


Underfull \vbox (badness 10000) detected at line 10387
 []

[146] [147] [148] [149] [150] [151]
Underfull \vbox (badness 10000) detected at line 10770
 []


Underfull \vbox (badness 10000) detected at line 10770
 []

[152]
Underfull \vbox (badness 3623) detected at line 10805
 []

[153] [154] [155] [156]
Underfull \vbox (badness 2368) detected at line 11116
 []

[157]
Underfull \vbox (badness 10000) detected at line 11116
 []


Underfull \vbox (badness 10000) detected at line 11116
 []

[158] [159]
Underfull \vbox (badness 3623) detected at line 11260
 []

[160] [161]
Overfull \vbox (0.55247pt too high) detected at line 11348
 []

[162] [163] [164] [165] [166]
Underfull \vbox (badness 10000) detected at line 11735
 []


Underfull \vbox (badness 10000) detected at line 11735
 []

[167]
Underfull \vbox (badness 10000) detected at line 11735
 []


Underfull \vbox (badness 10000) detected at line 11735
 []

[168] [169] [170] [171] [172] [173] [174] [175] [176] [177] [178]
Underfull \hbox (badness 10000) in paragraph at lines 12385--12390
[]\T1/ptm/m/n/10 import nipype.interfaces.freesurfer as fs mris = fs.MRIs_Conve
rt() mris.inputs.in_file = `lh.pial'
 []

[179] [180]
Underfull \vbox (badness 10000) detected at line 12581
 []


Underfull \vbox (badness 10000) detected at line 12581
 []

[181] [182] [183] [184] [185] [186] [187] [188] [189] [190] [191] [192]
Underfull \vbox (badness 10000) detected at line 13329
 []


Underfull \vbox (badness 10000) detected at line 13329
 []

[193] [194] [195] [196] [197] [198] [199] [200]
Underfull \hbox (badness 10000) in paragraph at lines 13780--13783
[]\T1/ptm/m/n/10 Use FSL ve-creg for reg-is-ter-ing vec-tor data For com-plete 
de-tails, see the FDT Doc-u-men-ta-tion
 []

[201] [202] [203] [204] [205] [206] [207] [208] [209] [210] [211] [212]
Underfull \vbox (badness 3623) detected at line 14624
 []

[213] [214] [215] [216] [217] [218] [219] [220] [221]
Underfull \vbox (badness 10000) detected at line 15211
 []


Underfull \vbox (badness 10000) detected at line 15211
 []

[222] [223] [224] [225] [226]
Overfull \vbox (0.55247pt too high) detected at line 15552
 []

[227] [228]
Overfull \vbox (0.86086pt too high) detected at line 15643
 []

[229] [230] [231] [232] [233] [234]
Underfull \vbox (badness 10000) detected at line 16028
 []


Underfull \vbox (badness 10000) detected at line 16028
 []

[235] [236] [237] [238] [239] [240] [241] [242] [243] [244] [245] [246]
Overfull \vbox (0.60844pt too high) detected at line 16790
 []

[247] [248] [249] [250] [251] [252] [253] [254] [255] [256] [257] [258]
[259] [260] [261] [262] [263] [264] [265] [266] [267] [268] [269] [270]
[271] [272] [273] [274] [275] [276] [277] [278] [279] [280] [281] [282]
[283] [284] [285] [286] [287] [288] [289]

pdfTeX warning: pdflatex (file ./graphviz-2f6ec5745c0e7d961f2a07ac46eca4325c87d
41e.pdf): PDF inclusion: found PDF version <1.5>, but at most version <1.4> all
owed

<graphviz-2f6ec5745c0e7d961f2a07ac46eca4325c87d41e.pdf, id=1941, 1914.15125pt x
 670.505pt>
File: graphviz-2f6ec5745c0e7d961f2a07ac46eca4325c87d41e.pdf Graphic file (type 
pdf)
 <use graphviz-2f6ec5745c0e7d961f2a07ac46eca4325c87d41e.pdf>
File: graphviz-2f6ec5745c0e7d961f2a07ac46eca4325c87d41e.pdf Graphic file (type 
pdf)

<use graphviz-2f6ec5745c0e7d961f2a07ac46eca4325c87d41e.pdf> [290]

pdfTeX warning: pdflatex (file ./graphviz-b4cf2088871c3a5d3786402cfe310f5fb9ec1
0fc.pdf): PDF inclusion: found PDF version <1.5>, but at most version <1.4> all
owed

<graphviz-b4cf2088871c3a5d3786402cfe310f5fb9ec10fc.pdf, id=1951, 1594.95876pt x
 750.805pt>
File: graphviz-b4cf2088871c3a5d3786402cfe310f5fb9ec10fc.pdf Graphic file (type 
pdf)
 <use graphviz-b4cf2088871c3a5d3786402cfe310f5fb9ec10fc.pdf>
File: graphviz-b4cf2088871c3a5d3786402cfe310f5fb9ec10fc.pdf Graphic file (type 
pdf)

<use graphviz-b4cf2088871c3a5d3786402cfe310f5fb9ec10fc.pdf> [291 <./graphviz-2f
6ec5745c0e7d961f2a07ac46eca4325c87d41e.pdf>]

pdfTeX warning: pdflatex (file ./graphviz-3f560aabba6f0593d392dc53c1315f7fe0325
650.pdf): PDF inclusion: found PDF version <1.5>, but at most version <1.4> all
owed

<graphviz-3f560aabba6f0593d392dc53c1315f7fe0325650.pdf, id=1970, 465.74pt x 515
.9275pt>
File: graphviz-3f560aabba6f0593d392dc53c1315f7fe0325650.pdf Graphic file (type 
pdf)
 <use graphviz-3f560aabba6f0593d392dc53c1315f7fe0325650.pdf>
File: graphviz-3f560aabba6f0593d392dc53c1315f7fe0325650.pdf Graphic file (type 
pdf)

<use graphviz-3f560aabba6f0593d392dc53c1315f7fe0325650.pdf> [292 <./graphviz-b4
cf2088871c3a5d3786402cfe310f5fb9ec10fc.pdf>] [293 <./graphviz-3f560aabba6f0593d
392dc53c1315f7fe0325650.pdf>]

pdfTeX warning: pdflatex (file ./graphviz-9064a95afca04adf83e2f3aebcbdc8187c505
395.pdf): PDF inclusion: found PDF version <1.5>, but at most version <1.4> all
owed

<graphviz-9064a95afca04adf83e2f3aebcbdc8187c505395.pdf, id=2002, 1630.09pt x 17
84.6675pt>
File: graphviz-9064a95afca04adf83e2f3aebcbdc8187c505395.pdf Graphic file (type 
pdf)
 <use graphviz-9064a95afca04adf83e2f3aebcbdc8187c505395.pdf>
File: graphviz-9064a95afca04adf83e2f3aebcbdc8187c505395.pdf Graphic file (type 
pdf)

<use graphviz-9064a95afca04adf83e2f3aebcbdc8187c505395.pdf> [294] [295 <./graph
viz-9064a95afca04adf83e2f3aebcbdc8187c505395.pdf>]

pdfTeX warning: pdflatex (file ./graphviz-634a79ab8b35d49f293edfa6c357b37687c40
46b.pdf): PDF inclusion: found PDF version <1.5>, but at most version <1.4> all
owed

<graphviz-634a79ab8b35d49f293edfa6c357b37687c4046b.pdf, id=2023, 657.45625pt x 
515.9275pt>
File: graphviz-634a79ab8b35d49f293edfa6c357b37687c4046b.pdf Graphic file (type 
pdf)
 <use graphviz-634a79ab8b35d49f293edfa6c357b37687c4046b.pdf>
File: graphviz-634a79ab8b35d49f293edfa6c357b37687c4046b.pdf Graphic file (type 
pdf)

<use graphviz-634a79ab8b35d49f293edfa6c357b37687c4046b.pdf> [296 <./graphviz-63
4a79ab8b35d49f293edfa6c357b37687c4046b.pdf>]
Chapter 3.
[297

] [298]
Underfull \hbox (badness 10000) in paragraph at lines 19924--19926
[]\T1/pcr/m/n/10 BaseInterfaceInputSpec\T1/ptm/m/n/10 : De-fines in-puts com-mo
n to all In-ter-faces
 []


Underfull \hbox (badness 5878) in paragraph at lines 19932--19934
[]\T1/pcr/m/n/10 FSLTraitedSpec\T1/ptm/m/n/10 : De-fines in-puts com-mon to all
 FSL classes
 []


Underfull \hbox (badness 10000) in paragraph at lines 19940--19941
[]\T1/pcr/m/n/10 MatlabInputSpec\T1/ptm/m/n/10 : De-fines in-puts com-mon to al
l Mat-
 []


Underfull \hbox (badness 10000) in paragraph at lines 19940--19941
\T1/ptm/m/n/10 lab classes (\T1/pcr/m/n/10 script\T1/ptm/m/n/10 , \T1/pcr/m/n/1
0 nodesktop\T1/ptm/m/n/10 , \T1/pcr/m/n/10 nosplash\T1/ptm/m/n/10 , \T1/pcr/m/n
/10 logfile\T1/ptm/m/n/10 ,
 []

LaTeX Font Info:    Font shape `T1/pcr/bx/n' in size <10> not available
(Font)              Font shape `T1/pcr/b/n' tried instead on input line 19982.
[299]
Overfull \hbox (25.00003pt too wide) in paragraph at lines 20001--20001
| [] 
 []


Overfull \hbox (25.00003pt too wide) in paragraph at lines 20032--20032
| [] 
 []


Overfull \hbox (25.00003pt too wide) in paragraph at lines 20045--20045
| [] 
 []


Overfull \hbox (25.00003pt too wide) in paragraph at lines 20059--20059
| [] 
 []

[300]
Overfull \hbox (25.00003pt too wide) in paragraph at lines 20087--20087
| [] 
 []

[301]

LaTeX Warning: Hyper reference `devel/cmd_interface_devel::doc' on page 302 und
efined on input line 20207.


LaTeX Warning: Hyper reference `devel/matlab_interface_devel::doc' on page 302 
undefined on input line 20229.


LaTeX Warning: Hyper reference `devel/python_interface_devel::doc' on page 302 
undefined on input line 20234.

[302] [303] [304] [305] [306] [307]
LaTeX Font Info:    Font shape `T1/phv/bx/it' in size <14.4> not available
(Font)              Font shape `T1/phv/b/it' tried instead on input line 20552.

LaTeX Font Info:    Font shape `T1/phv/b/it' in size <14.4> not available
(Font)              Font shape `T1/phv/b/sl' tried instead on input line 20552.



LaTeX Warning: Hyper reference `devel/gitwash/git_resources:git-resources' on p
age 308 undefined on input line 20570.


LaTeX Warning: Hyper reference `devel/gitwash/git_install:install-git' on page 
308 undefined on input line 20622.

[308]

LaTeX Warning: Hyper reference `devel/gitwash/git_development:git-development' 
on page 309 undefined on input line 20670.

LaTeX Font Info:    Font shape `T1/phv/bx/it' in size <10> not available
(Font)              Font shape `T1/phv/b/it' tried instead on input line 20709.

LaTeX Font Info:    Font shape `T1/phv/b/it' in size <10> not available
(Font)              Font shape `T1/phv/b/sl' tried instead on input line 20709.

[309]
Overfull \hbox (25.00003pt too wide) in paragraph at lines 20712--20712
| [] 
 []


Overfull \hbox (25.00003pt too wide) in paragraph at lines 20721--20721
| [] 
 []


Overfull \hbox (25.00003pt too wide) in paragraph at lines 20732--20732
| [] 
 []


Overfull \hbox (25.00003pt too wide) in paragraph at lines 20745--20745
| [] 
 []


Overfull \hbox (25.00003pt too wide) in paragraph at lines 20758--20758
| [] 
 []


Overfull \hbox (25.00003pt too wide) in paragraph at lines 20766--20766
| [] 
 []


Overfull \hbox (25.00003pt too wide) in paragraph at lines 20773--20773
| [] 
 []


LaTeX Warning: Hyper reference `devel/gitwash/forking_hell:forking' on page 310
 undefined on input line 20794.

[310]

LaTeX Warning: Hyper reference `devel/gitwash/development_workflow:development-
workflow' on page 311 undefined on input line 20810.


Underfull \hbox (badness 7099) in paragraph at lines 20820--20824
\T1/ptm/m/n/10 You need to do this only once. The in-struc-tions here are very 
sim-i-lar to the in-struc-tions at
 []

<forking_button.png, id=2197, 350.30875pt x 86.3225pt>
File: forking_button.png Graphic file (type png)

<use forking_button.png>
File: forking_button.png Graphic file (type png)
 <use forking_button.png>

LaTeX Warning: Hyper reference `devel/gitwash/forking_hell:forking' on page 311
 undefined on input line 20855.

[311 <./forking_button.png>]
Overfull \hbox (24.31361pt too wide) in paragraph at lines 20873--20875
[]\T1/ptm/m/n/10 Clone your fork to the lo-cal com-puter with \T1/pcr/m/n/10 gi
t clone git@github.com:your-user-name/nipype.git 
 []


Overfull \hbox (25.00003pt too wide) in paragraph at lines 20884--20884
| [] 
 []

[312] [313]

LaTeX Warning: Hyper reference `devel/gitwash/forking_hell:forking' on page 314
 undefined on input line 21060.


LaTeX Warning: Hyper reference `devel/gitwash/set_up_fork:set-up-fork' on page 
314 undefined on input line 21060.


LaTeX Warning: Hyper reference `devel/gitwash/configure_git:configure-git' on p
age 314 undefined on input line 21061.

[314]
Overfull \hbox (25.00003pt too wide) in paragraph at lines 21152--21152
| [] 
 []

<branch_list.png, id=2271, 378.41376pt x 85.31876pt>
File: branch_list.png Graphic file (type png)
 <use branch_list.png>
File: branch_list.png Graphic file (type png)

<use branch_list.png>
<branch_list_compare.png, id=2272, 700.6175pt x 76.285pt>
File: branch_list_compare.png Graphic file (type png)

<use branch_list_compare.png>
File: branch_list_compare.png Graphic file (type png)
 <use branch_list_compare.png> [315 <./branch_list.png>]
Underfull \hbox (badness 5331) in paragraph at lines 21198--21206
\T1/ptm/m/n/10 post it to the [][]nipype mail-ing list[][], ask-ing for re-view
. The URL will look some-thing like:
 []


Underfull \hbox (badness 10000) in paragraph at lines 21198--21206
\T1/pcr/m/n/10 http://github.com/your-user-name/nipype/compare/master...my-new-
feature\T1/ptm/m/n/10 .
 []


Underfull \hbox (badness 10000) in paragraph at lines 21198--21206
\T1/ptm/m/n/10 There's an ex-am-ple at [][]http://github.com/matthew-brett/nipy
/compare/master...find-install-data[][] See:
 []

<pull_button.png, id=2295, 383.4325pt x 92.345pt>
File: pull_button.png Graphic file (type png)
 <use pull_button.png>
File: pull_button.png Graphic file (type png)

<use pull_button.png> [316 <./branch_list_compare.png> <./pull_button.png>]

LaTeX Warning: Hyper reference `devel/gitwash/set_up_fork:linking-to-upstream' 
on page 317 undefined on input line 21294.


LaTeX Warning: Hyper reference `devel/gitwash/forking_hell:forking' on page 317
 undefined on input line 21330.

File: pull_button.png Graphic file (type png)
<use pull_button.png>
File: pull_button.png Graphic file (type png)
 <use pull_button.png> [317] [318] [319] [320] [321]
[322] [323] [324

]
Chapter 4.

Underfull \hbox (badness 10000) in paragraph at lines 21762--21764
[]\T1/ptm/m/n/10 Functions used in con-nect
 []


Underfull \hbox (badness 10000) in paragraph at lines 21774--21777
[]\T1/ptm/m/n/10 cutoff is
 []


Underfull \hbox (badness 10000) in paragraph at lines 21784--21786
[]\T1/ptm/m/n/10 this off by spec-i-fy-ing
 []


Underfull \hbox (badness 10000) in paragraph at lines 21832--21834
[]\T1/ptm/m/n/10 and Dis-
 []

[325] [326] [327]
No file nipype.ind.
[328] (./nipype.aux)

LaTeX Warning: There were undefined references.


LaTeX Warning: Label(s) may have changed. Rerun to get cross-references right.

 ) 
Here is how much of TeX's memory you used:
 9840 strings out of 495061
 168116 string characters out of 1182622
 207863 words of memory out of 3000000
 11777 multiletter control sequences out of 15000+50000
 81041 words of font info for 92 fonts, out of 3000000 for 9000
 29 hyphenation exceptions out of 8191
 45i,12n,49p,2692b,912s stack positions out of 5000i,500n,10000p,200000b,50000s
pdfTeX warning (dest): name{??} has been referenced but does not exist, repla
ced by a fixed one

{/usr/share/texmf-texlive/fonts/enc/dvips/base/8r.enc}</usr/share/texmf-texlive
/fonts/type1/urw/courier/ucrb8a.pfb></usr/share/texmf-texlive/fonts/type1/urw/c
ourier/ucrr8a.pfb></usr/share/texmf-texlive/fonts/type1/urw/courier/ucrro8a.pfb
></usr/share/texmf-texlive/fonts/type1/urw/helvetic/uhvb8a.pfb></usr/share/texm
f-texlive/fonts/type1/urw/helvetic/uhvbo8a.pfb></usr/share/texmf-texlive/fonts/
type1/urw/times/utmb8a.pfb></usr/share/texmf-texlive/fonts/type1/urw/times/utmb
i8a.pfb></usr/share/texmf-texlive/fonts/type1/urw/times/utmr8a.pfb></usr/share/
texmf-texlive/fonts/type1/urw/times/utmri8a.pfb>
Output written on nipype.pdf (332 pages, 1470931 bytes).
PDF statistics:
 2685 PDF objects out of 2984 (max. 8388607)
 1021 named destinations out of 1200 (max. 500000)
 96 words of extra memory for PDF output out of 10000 (max. 10000000)

