\BOOKMARK [0][-]{chapter.1}{Introduction}{}% 1
\BOOKMARK [1][-]{section.1.1}{Prerequisites}{chapter.1}% 2
\BOOKMARK [1][-]{section.1.2}{Installation}{chapter.1}% 3
\BOOKMARK [1][-]{section.1.3}{Basic API Usage}{chapter.1}% 4
\BOOKMARK [1][-]{section.1.4}{Experimental Python 3 Support}{chapter.1}% 5
\BOOKMARK [0][-]{chapter.2}{API}{}% 6
\BOOKMARK [1][-]{section.2.1}{Basics}{chapter.2}% 7
\BOOKMARK [1][-]{section.2.2}{Unicode}{chapter.2}% 8
\BOOKMARK [1][-]{section.2.3}{High Level API}{chapter.2}% 9
\BOOKMARK [1][-]{section.2.4}{Autoescaping}{chapter.2}% 10
\BOOKMARK [1][-]{section.2.5}{Notes on Identifiers}{chapter.2}% 11
\BOOKMARK [1][-]{section.2.6}{Undefined Types}{chapter.2}% 12
\BOOKMARK [1][-]{section.2.7}{The Context}{chapter.2}% 13
\BOOKMARK [1][-]{section.2.8}{Loaders}{chapter.2}% 14
\BOOKMARK [1][-]{section.2.9}{Bytecode Cache}{chapter.2}% 15
\BOOKMARK [1][-]{section.2.10}{Utilities}{chapter.2}% 16
\BOOKMARK [1][-]{section.2.11}{Exceptions}{chapter.2}% 17
\BOOKMARK [1][-]{section.2.12}{Custom Filters}{chapter.2}% 18
\BOOKMARK [1][-]{section.2.13}{Evaluation Context}{chapter.2}% 19
\BOOKMARK [1][-]{section.2.14}{Custom Tests}{chapter.2}% 20
\BOOKMARK [1][-]{section.2.15}{The Global Namespace}{chapter.2}% 21
\BOOKMARK [1][-]{section.2.16}{Low Level API}{chapter.2}% 22
\BOOKMARK [1][-]{section.2.17}{The Meta API}{chapter.2}% 23
\BOOKMARK [0][-]{chapter.3}{Sandbox}{}% 24
\BOOKMARK [0][-]{chapter.4}{Template Designer Documentation}{}% 25
\BOOKMARK [1][-]{section.4.1}{Synopsis}{chapter.4}% 26
\BOOKMARK [1][-]{section.4.2}{Variables}{chapter.4}% 27
\BOOKMARK [1][-]{section.4.3}{Filters}{chapter.4}% 28
\BOOKMARK [1][-]{section.4.4}{Tests}{chapter.4}% 29
\BOOKMARK [1][-]{section.4.5}{Comments}{chapter.4}% 30
\BOOKMARK [1][-]{section.4.6}{Whitespace Control}{chapter.4}% 31
\BOOKMARK [1][-]{section.4.7}{Escaping}{chapter.4}% 32
\BOOKMARK [1][-]{section.4.8}{Line Statements}{chapter.4}% 33
\BOOKMARK [1][-]{section.4.9}{Template Inheritance}{chapter.4}% 34
\BOOKMARK [1][-]{section.4.10}{HTML Escaping}{chapter.4}% 35
\BOOKMARK [1][-]{section.4.11}{List of Control Structures}{chapter.4}% 36
\BOOKMARK [1][-]{section.4.12}{Import Context Behavior}{chapter.4}% 37
\BOOKMARK [1][-]{section.4.13}{Expressions}{chapter.4}% 38
\BOOKMARK [1][-]{section.4.14}{List of Builtin Filters}{chapter.4}% 39
\BOOKMARK [1][-]{section.4.15}{List of Builtin Tests}{chapter.4}% 40
\BOOKMARK [1][-]{section.4.16}{List of Global Functions}{chapter.4}% 41
\BOOKMARK [1][-]{section.4.17}{Extensions}{chapter.4}% 42
\BOOKMARK [1][-]{section.4.18}{Autoescape Extension}{chapter.4}% 43
\BOOKMARK [0][-]{chapter.5}{Extensions}{}% 44
\BOOKMARK [1][-]{section.5.1}{Adding Extensions}{chapter.5}% 45
\BOOKMARK [1][-]{section.5.2}{i18n Extension}{chapter.5}% 46
\BOOKMARK [1][-]{section.5.3}{Expression Statement}{chapter.5}% 47
\BOOKMARK [1][-]{section.5.4}{Loop Controls}{chapter.5}% 48
\BOOKMARK [1][-]{section.5.5}{With Statement}{chapter.5}% 49
\BOOKMARK [1][-]{section.5.6}{Autoescape Extension}{chapter.5}% 50
\BOOKMARK [1][-]{section.5.7}{Writing Extensions}{chapter.5}% 51
\BOOKMARK [0][-]{chapter.6}{Integration}{}% 52
\BOOKMARK [1][-]{section.6.1}{Babel Integration}{chapter.6}% 53
\BOOKMARK [1][-]{section.6.2}{Pylons}{chapter.6}% 54
\BOOKMARK [1][-]{section.6.3}{TextMate}{chapter.6}% 55
\BOOKMARK [1][-]{section.6.4}{Vim}{chapter.6}% 56
\BOOKMARK [0][-]{chapter.7}{Switching from other Template Engines}{}% 57
\BOOKMARK [1][-]{section.7.1}{Jinja1}{chapter.7}% 58
\BOOKMARK [1][-]{section.7.2}{Django}{chapter.7}% 59
\BOOKMARK [1][-]{section.7.3}{Mako}{chapter.7}% 60
\BOOKMARK [0][-]{chapter.8}{Tips and Tricks}{}% 61
\BOOKMARK [1][-]{section.8.1}{Null-Master Fallback}{chapter.8}% 62
\BOOKMARK [1][-]{section.8.2}{Alternating Rows}{chapter.8}% 63
\BOOKMARK [1][-]{section.8.3}{Highlighting Active Menu Items}{chapter.8}% 64
\BOOKMARK [1][-]{section.8.4}{Accessing the parent Loop}{chapter.8}% 65
\BOOKMARK [0][-]{chapter.9}{Frequently Asked Questions}{}% 66
\BOOKMARK [1][-]{section.9.1}{Why is it called Jinja?}{chapter.9}% 67
\BOOKMARK [1][-]{section.9.2}{How fast is it?}{chapter.9}% 68
\BOOKMARK [1][-]{section.9.3}{How Compatible is Jinja2 with Django?}{chapter.9}% 69
\BOOKMARK [1][-]{section.9.4}{Isn't it a terrible idea to put Logic into Templates?}{chapter.9}% 70
\BOOKMARK [1][-]{section.9.5}{Why is Autoescaping not the Default?}{chapter.9}% 71
\BOOKMARK [1][-]{section.9.6}{Why is the Context immutable?}{chapter.9}% 72
\BOOKMARK [1][-]{section.9.7}{What is the speedups module and why is it missing?}{chapter.9}% 73
\BOOKMARK [1][-]{section.9.8}{My tracebacks look weird. What's happening?}{chapter.9}% 74
\BOOKMARK [1][-]{section.9.9}{Why is there no Python 2.3 support?}{chapter.9}% 75
\BOOKMARK [1][-]{section.9.10}{My Macros are overriden by something}{chapter.9}% 76
\BOOKMARK [0][-]{chapter.10}{Jinja2 Changelog}{}% 77
\BOOKMARK [1][-]{section.10.1}{Version 2.5.3}{chapter.10}% 78
\BOOKMARK [1][-]{section.10.2}{Version 2.5.2}{chapter.10}% 79
\BOOKMARK [1][-]{section.10.3}{Version 2.5.1}{chapter.10}% 80
\BOOKMARK [1][-]{section.10.4}{Version 2.5}{chapter.10}% 81
\BOOKMARK [1][-]{section.10.5}{Version 2.4.1}{chapter.10}% 82
\BOOKMARK [1][-]{section.10.6}{Version 2.4}{chapter.10}% 83
\BOOKMARK [1][-]{section.10.7}{Version 2.3.1}{chapter.10}% 84
\BOOKMARK [1][-]{section.10.8}{Version 2.3}{chapter.10}% 85
\BOOKMARK [1][-]{section.10.9}{Version 2.2.1}{chapter.10}% 86
\BOOKMARK [1][-]{section.10.10}{Version 2.2}{chapter.10}% 87
\BOOKMARK [1][-]{section.10.11}{Version 2.1.1}{chapter.10}% 88
\BOOKMARK [1][-]{section.10.12}{Version 2.1}{chapter.10}% 89
\BOOKMARK [1][-]{section.10.13}{Version 2.0}{chapter.10}% 90
\BOOKMARK [1][-]{section.10.14}{Version 2.0rc1}{chapter.10}% 91
